 --- Init ---
TerriBot
 --- Bot used 1174 milliseconds ---
-----------------------------------------------------------------------------
 --- Frame #1 ---
10 20 4 
 --- Bot used 17 milliseconds ---
-----------------------------------------------------------------------------
 --- Frame #2 ---
9 20 0 10 20 0 
 --- Bot used 2 milliseconds ---
-----------------------------------------------------------------------------
 --- Frame #3 ---
9 20 0 10 20 0 
 --- Bot used 2 milliseconds ---
-----------------------------------------------------------------------------
 --- Frame #4 ---
9 20 0 10 20 0 
 --- Bot used 1 milliseconds ---
-----------------------------------------------------------------------------
 --- Frame #5 ---
9 20 0 10 20 0 
 --- Bot used 1 milliseconds ---
-----------------------------------------------------------------------------
 --- Frame #6 ---
9 20 0 10 20 0 
 --- Bot used 2 milliseconds ---
-----------------------------------------------------------------------------
 --- Frame #7 ---
9 20 0 10 20 0 
 --- Bot used 2 milliseconds ---
-----------------------------------------------------------------------------
 --- Frame #8 ---
9 20 1 10 20 0 
 --- Bot used 1 milliseconds ---
-----------------------------------------------------------------------------
 --- Frame #9 ---
9 19 0 9 20 0 10 20 0 
 --- Bot used 2 milliseconds ---
-----------------------------------------------------------------------------
 --- Frame #10 ---
9 19 0 9 20 0 10 20 0 
 --- Bot used 1 milliseconds ---
-----------------------------------------------------------------------------
 --- Frame #11 ---
9 19 0 9 20 0 10 20 0 
 --- Bot used 11 milliseconds ---
-----------------------------------------------------------------------------
 --- Frame #12 ---
9 19 0 9 20 0 10 20 0 
 --- Bot used 1 milliseconds ---
-----------------------------------------------------------------------------
 --- Frame #13 ---
9 19 0 9 20 0 10 20 0 
 --- Bot used 1 milliseconds ---
-----------------------------------------------------------------------------
 --- Frame #14 ---
9 19 4 9 20 0 10 20 1 
 --- Bot used 9 milliseconds ---
-----------------------------------------------------------------------------
 --- Frame #15 ---
8 19 0 9 19 0 10 19 0 9 20 0 10 20 0 
 --- Bot used 10 milliseconds ---
-----------------------------------------------------------------------------
 --- Frame #16 ---
8 19 0 9 19 0 10 19 0 9 20 0 10 20 0 
 --- Bot used 4 milliseconds ---
-----------------------------------------------------------------------------
 --- Frame #17 ---
8 19 0 9 19 0 10 19 0 9 20 0 10 20 0 
 --- Bot used 14 milliseconds ---
-----------------------------------------------------------------------------
 --- Frame #18 ---
8 19 0 9 19 0 10 19 0 9 20 4 10 20 0 
 --- Bot used 3 milliseconds ---
-----------------------------------------------------------------------------
 --- Frame #19 ---
8 19 0 9 19 0 10 19 0 8 20 0 9 20 0 10 20 0 
 --- Bot used 1 milliseconds ---
-----------------------------------------------------------------------------
 --- Frame #20 ---
8 19 0 9 19 0 10 19 0 8 20 0 9 20 0 10 20 0 
 --- Bot used 12 milliseconds ---
-----------------------------------------------------------------------------
 --- Frame #21 ---
8 19 4 9 19 0 10 19 0 8 20 0 9 20 0 10 20 0 
 --- Bot used 1 milliseconds ---
-----------------------------------------------------------------------------
 --- Frame #22 ---
7 19 0 8 19 0 9 19 0 10 19 0 8 20 0 9 20 0 10 20 0 
 --- Bot used 0 milliseconds ---
-----------------------------------------------------------------------------
 --- Frame #23 ---
7 19 0 8 19 0 9 19 1 10 19 0 8 20 0 9 20 0 10 20 0 
 --- Bot used 1 milliseconds ---
-----------------------------------------------------------------------------
 --- Frame #24 ---
9 18 0 7 19 0 8 19 0 9 19 0 10 19 1 8 20 0 9 20 0 10 20 0 
 --- Bot used 1 milliseconds ---
-----------------------------------------------------------------------------
 --- Frame #25 ---
9 18 0 10 18 0 7 19 0 8 19 0 9 19 0 10 19 0 8 20 0 9 20 0 10 20 0 
 --- Bot used 13 milliseconds ---
-----------------------------------------------------------------------------
 --- Frame #26 ---
9 18 0 10 18 0 7 19 0 8 19 0 9 19 0 10 19 0 8 20 0 9 20 0 10 20 0 
 --- Bot used 9 milliseconds ---
-----------------------------------------------------------------------------
 --- Frame #27 ---
9 18 4 10 18 0 7 19 0 8 19 1 9 19 0 10 19 0 8 20 0 9 20 0 10 20 0 
 --- Bot used 1 milliseconds ---
-----------------------------------------------------------------------------
 --- Frame #28 ---
8 18 0 9 18 0 10 18 0 7 19 0 8 19 0 9 19 0 10 19 0 8 20 0 9 20 0 10 20 0 
 --- Bot used 10 milliseconds ---
-----------------------------------------------------------------------------
 --- Frame #29 ---
8 18 4 9 18 0 10 18 0 7 19 4 8 19 0 9 19 0 10 19 0 8 20 0 9 20 0 10 20 2 
 --- Bot used 0 milliseconds ---
-----------------------------------------------------------------------------
 --- Frame #30 ---
7 18 0 8 18 0 9 18 0 10 18 0 6 19 0 7 19 0 8 19 0 9 19 0 10 19 0 8 20 4 9 20 4 10 20 0 11 20 0 
 --- Bot used 1 milliseconds ---
-----------------------------------------------------------------------------
 --- Frame #31 ---
7 18 0 8 18 0 9 18 0 10 18 0 6 19 0 7 19 0 8 19 0 9 19 1 10 19 0 7 20 0 8 20 4 9 20 0 10 20 0 11 20 0 
 --- Bot used 12 milliseconds ---
-----------------------------------------------------------------------------
 --- Frame #32 ---
7 18 0 8 18 0 9 18 1 10 18 0 6 19 0 7 19 0 8 19 0 9 19 0 10 19 0 7 20 0 8 20 0 9 20 0 10 20 0 11 20 0 
 --- Bot used 1 milliseconds ---
-----------------------------------------------------------------------------
 --- Frame #33 ---
9 17 0 7 18 0 8 18 0 9 18 0 10 18 0 6 19 0 7 19 0 8 19 0 9 19 0 10 19 0 7 20 0 8 20 0 9 20 0 10 20 0 11 20 0 
 --- Bot used 13 milliseconds ---
-----------------------------------------------------------------------------
 --- Frame #34 ---
9 17 0 7 18 0 8 18 0 9 18 0 10 18 0 6 19 0 7 19 0 8 19 0 9 19 0 10 19 0 7 20 4 8 20 0 9 20 0 10 20 0 11 20 0 
 --- Bot used 1 milliseconds ---
-----------------------------------------------------------------------------
 --- Frame #35 ---
9 17 0 7 18 0 8 18 0 9 18 0 10 18 0 6 19 0 7 19 0 8 19 1 9 19 0 10 19 2 6 20 0 7 20 0 8 20 0 9 20 0 10 20 0 11 20 0 
 --- Bot used 1 milliseconds ---
-----------------------------------------------------------------------------
 --- Frame #36 ---
9 17 4 7 18 4 8 18 1 9 18 0 10 18 0 6 19 0 7 19 4 8 19 0 9 19 0 10 19 0 11 19 0 6 20 0 7 20 0 8 20 0 9 20 0 10 20 0 11 20 0 
 --- Bot used 4 milliseconds ---
-----------------------------------------------------------------------------
 --- Frame #37 ---
8 17 4 9 17 0 6 18 0 7 18 0 8 18 0 9 18 0 10 18 1 6 19 4 7 19 0 8 19 0 9 19 0 10 19 0 11 19 0 6 20 0 7 20 0 8 20 0 9 20 0 10 20 0 11 20 0 
 --- Bot used 2 milliseconds ---
-----------------------------------------------------------------------------
 --- Frame #38 ---
7 17 0 8 17 0 9 17 0 10 17 0 6 18 0 7 18 0 8 18 0 9 18 0 10 18 0 5 19 0 6 19 0 7 19 0 8 19 0 9 19 0 10 19 0 11 19 0 6 20 0 7 20 0 8 20 0 9 20 0 10 20 0 11 20 0 
 --- Bot used 1 milliseconds ---
-----------------------------------------------------------------------------
 --- Frame #39 ---
7 17 4 8 17 0 9 17 0 10 17 0 6 18 0 7 18 0 8 18 0 9 18 1 10 18 0 5 19 0 6 19 0 7 19 0 8 19 0 9 19 1 10 19 0 11 19 0 6 20 0 7 20 0 8 20 0 9 20 0 10 20 2 11 20 0 
 --- Bot used 1 milliseconds ---
-----------------------------------------------------------------------------
 --- Frame #40 ---
6 17 0 7 17 0 8 17 0 9 17 0 10 17 0 6 18 0 7 18 0 8 18 0 9 18 1 10 18 0 5 19 0 6 19 0 7 19 0 8 19 0 9 19 0 10 19 0 11 19 0 6 20 0 7 20 0 8 20 0 9 20 0 10 20 0 11 20 2 
 --- Bot used 1 milliseconds ---
-----------------------------------------------------------------------------
 --- Frame #41 ---
6 17 0 7 17 0 8 17 0 9 17 2 10 17 0 6 18 0 7 18 0 8 18 0 9 18 0 10 18 0 5 19 4 6 19 0 7 19 0 8 19 0 9 19 0 10 19 0 11 19 0 6 20 0 7 20 0 8 20 0 9 20 0 10 20 0 11 20 0 12 20 0 
 --- Bot used 2 milliseconds ---
-----------------------------------------------------------------------------
 --- Frame #42 ---
6 17 0 7 17 0 8 17 0 9 17 0 10 17 2 6 18 0 7 18 0 8 18 0 9 18 0 10 18 0 4 19 0 5 19 0 6 19 0 7 19 0 8 19 0 9 19 0 10 19 1 11 19 0 6 20 0 7 20 0 8 20 0 9 20 1 10 20 0 11 20 0 12 20 0 
 --- Bot used 0 milliseconds ---
-----------------------------------------------------------------------------
 --- Frame #43 ---
6 17 0 7 17 0 8 17 0 9 17 0 10 17 0 11 17 0 6 18 0 7 18 4 8 18 0 9 18 0 10 18 0 4 19 0 5 19 0 6 19 0 7 19 4 8 19 4 9 19 1 10 19 0 11 19 0 6 20 0 7 20 0 8 20 4 9 20 0 10 20 0 11 20 0 12 20 0 
 --- Bot used 1 milliseconds ---
-----------------------------------------------------------------------------
 --- Frame #44 ---
6 17 0 7 17 0 8 17 0 9 17 0 10 17 0 11 17 0 6 18 4 7 18 0 8 18 4 9 18 2 10 18 2 4 19 0 5 19 0 6 19 4 7 19 4 8 19 0 9 19 0 10 19 0 11 19 0 6 20 0 7 20 4 8 20 0 9 20 0 10 20 0 11 20 0 12 20 0 
 --- Bot used 1 milliseconds ---
-----------------------------------------------------------------------------
 --- Frame #45 ---
6 17 0 7 17 0 8 17 0 9 17 0 10 17 0 11 17 0 5 18 0 6 18 0 7 18 1 8 18 0 9 18 0 10 18 2 11 18 0 4 19 0 5 19 4 6 19 4 7 19 0 8 19 0 9 19 0 10 19 0 11 19 2 6 20 1 7 20 0 8 20 0 9 20 0 10 20 0 11 20 0 12 20 0 
 --- Bot used 28 milliseconds ---
-----------------------------------------------------------------------------
 --- Frame #46 ---
6 17 0 7 17 1 8 17 0 9 17 0 10 17 0 11 17 0 5 18 4 6 18 0 7 18 0 8 18 0 9 18 0 10 18 0 11 18 2 4 19 4 5 19 4 6 19 4 7 19 0 8 19 0 9 19 0 10 19 0 11 19 0 12 19 0 6 20 0 7 20 0 8 20 0 9 20 0 10 20 0 11 20 0 12 20 2 
 --- Bot used 2 milliseconds ---
-----------------------------------------------------------------------------
 --- Frame #47 ---
7 16 4 6 17 4 7 17 0 8 17 4 9 17 0 10 17 0 11 17 0 4 18 0 5 18 0 6 18 0 7 18 0 8 18 0 9 18 0 10 18 0 11 18 0 12 18 0 3 19 4 4 19 4 5 19 1 6 19 0 7 19 0 8 19 0 9 19 0 10 19 0 11 19 0 12 19 0 6 20 0 7 20 0 8 20 0 9 20 0 10 20 0 11 20 0 12 20 0 13 20 0 
 --- Bot used 2 milliseconds ---
-----------------------------------------------------------------------------
 --- Frame #48 ---
6 16 0 7 16 0 5 17 0 6 17 0 7 17 1 8 17 0 9 17 0 10 17 0 11 17 0 4 18 0 5 18 4 6 18 0 7 18 0 8 18 0 9 18 0 10 18 0 11 18 0 12 18 0 2 19 0 3 19 0 4 19 0 5 19 0 6 19 0 7 19 0 8 19 0 9 19 0 10 19 0 11 19 0 12 19 0 6 20 0 7 20 0 8 20 0 9 20 0 10 20 0 11 20 2 12 20 0 13 20 0 
 --- Bot used 26 milliseconds ---
-----------------------------------------------------------------------------
 --- Frame #49 ---
6 16 0 7 16 1 5 17 0 6 17 0 7 17 0 8 17 0 9 17 0 10 17 0 11 17 0 4 18 4 5 18 0 6 18 0 7 18 0 8 18 0 9 18 0 10 18 0 11 18 0 12 18 0 2 19 0 3 19 0 4 19 0 5 19 0 6 19 0 7 19 0 8 19 0 9 19 0 10 19 2 11 19 0 12 19 0 6 20 0 7 20 0 8 20 0 9 20 0 10 20 2 11 20 0 12 20 0 13 20 0 
 --- Bot used 27 milliseconds ---
-----------------------------------------------------------------------------
 --- Frame #50 ---
7 15 0 6 16 0 7 16 0 5 17 0 6 17 0 7 17 0 8 17 0 9 17 0 10 17 2 11 17 0 3 18 4 4 18 0 5 18 0 6 18 0 7 18 0 8 18 0 9 18 0 10 18 0 11 18 0 12 18 0 2 19 0 3 19 4 4 19 0 5 19 0 6 19 0 7 19 0 8 19 0 9 19 0 10 19 0 11 19 2 12 19 0 6 20 0 7 20 0 8 20 0 9 20 0 10 20 0 11 20 2 12 20 0 13 20 0 
 --- Bot used 0 milliseconds ---
-----------------------------------------------------------------------------
 --- Frame #51 ---
7 15 0 6 16 0 7 16 0 5 17 0 6 17 0 7 17 0 8 17 0 9 17 2 10 17 0 11 17 0 2 18 0 3 18 0 4 18 0 5 18 0 6 18 4 7 18 0 8 18 0 9 18 1 10 18 0 11 18 0 12 18 0 2 19 1 3 19 0 4 19 0 5 19 0 6 19 0 7 19 4 8 19 2 9 19 2 10 19 0 11 19 0 12 19 2 6 20 0 7 20 0 8 20 0 9 20 0 10 20 0 11 20 0 12 20 3 13 20 0 
 --- Bot used 1 milliseconds ---
-----------------------------------------------------------------------------
 --- Frame #52 ---
7 15 0 6 16 0 7 16 0 5 17 0 6 17 0 7 17 0 8 17 0 9 17 0 10 17 0 11 17 0 2 18 4 3 18 0 4 18 0 5 18 4 6 18 0 7 18 1 8 18 1 9 18 0 10 18 1 11 18 1 12 18 0 2 19 0 3 19 0 4 19 0 5 19 0 6 19 4 7 19 0 8 19 0 9 19 1 10 19 3 11 19 0 12 19 0 13 19 0 6 20 0 7 20 0 8 20 0 9 20 0 10 20 0 11 20 0 12 20 0 13 20 0 12 21 0 
 --- Bot used 1 milliseconds ---
-----------------------------------------------------------------------------
 --- Frame #53 ---
7 15 0 6 16 0 7 16 0 5 17 0 6 17 0 7 17 1 8 17 1 9 17 0 10 17 0 11 17 1 1 18 0 2 18 0 3 18 0 4 18 1 5 18 0 6 18 0 7 18 0 8 18 0 9 18 1 10 18 0 11 18 0 12 18 0 2 19 0 3 19 0 4 19 0 5 19 3 6 19 0 7 19 0 8 19 0 9 19 0 10 19 0 11 19 0 12 19 0 13 19 0 6 20 0 7 20 0 8 20 0 9 20 0 10 20 3 11 20 0 12 20 0 13 20 0 12 21 0 
 --- Bot used 1 milliseconds ---
-----------------------------------------------------------------------------
 --- Frame #54 ---
7 15 4 6 16 4 7 16 4 8 16 0 11 16 0 4 17 0 5 17 1 6 17 4 7 17 0 8 17 0 9 17 1 10 17 0 11 17 0 1 18 0 2 18 0 3 18 0 4 18 0 5 18 0 6 18 0 7 18 0 8 18 0 9 18 0 10 18 0 11 18 0 12 18 0 2 19 0 3 19 0 4 19 0 5 19 0 6 19 0 7 19 0 8 19 0 9 19 0 10 19 0 11 19 0 12 19 0 13 19 0 5 20 0 6 20 0 7 20 0 8 20 0 9 20 2 10 20 0 11 20 0 12 20 0 13 20 2 10 21 0 12 21 0 
 --- Bot used 0 milliseconds ---
-----------------------------------------------------------------------------
 --- Frame #55 ---
6 15 0 7 15 0 5 16 4 6 16 4 7 16 0 8 16 0 9 16 0 11 16 0 4 17 0 5 17 4 6 17 0 7 17 0 8 17 0 9 17 0 10 17 0 11 17 0 1 18 0 2 18 0 3 18 0 4 18 0 5 18 0 6 18 0 7 18 0 8 18 0 9 18 0 10 18 0 11 18 0 12 18 0 2 19 0 3 19 0 4 19 0 5 19 0 6 19 0 7 19 0 8 19 0 9 19 0 10 19 0 11 19 0 12 19 0 13 19 1 5 20 0 6 20 0 7 20 0 8 20 4 9 20 0 10 20 2 11 20 0 12 20 0 13 20 0 14 20 0 10 21 0 12 21 0 
 --- Bot used 1 milliseconds ---
-----------------------------------------------------------------------------
 --- Frame #56 ---
6 15 0 7 15 0 4 16 0 5 16 1 6 16 0 7 16 0 8 16 0 9 16 0 11 16 0 4 17 4 5 17 0 6 17 0 7 17 0 8 17 0 9 17 0 10 17 1 11 17 0 1 18 0 2 18 0 3 18 0 4 18 0 5 18 0 6 18 0 7 18 0 8 18 0 9 18 0 10 18 0 11 18 0 12 18 0 13 18 0 2 19 0 3 19 0 4 19 0 5 19 0 6 19 0 7 19 0 8 19 0 9 19 0 10 19 0 11 19 3 12 19 0 13 19 0 5 20 0 6 20 0 7 20 4 8 20 0 9 20 0 10 20 0 11 20 3 12 20 0 13 20 0 14 20 0 10 21 0 12 21 4 
 --- Bot used 1 milliseconds ---
-----------------------------------------------------------------------------
 --- Frame #57 ---
5 15 4 6 15 0 7 15 0 4 16 0 5 16 0 6 16 0 7 16 0 8 16 0 9 16 0 10 16 0 11 16 0 3 17 0 4 17 0 5 17 0 6 17 0 7 17 0 8 17 0 9 17 0 10 17 0 11 17 0 1 18 0 2 18 0 3 18 4 4 18 0 5 18 0 6 18 0 7 18 0 8 18 0 9 18 0 10 18 0 11 18 0 12 18 0 13 18 0 2 19 0 3 19 0 4 19 0 5 19 0 6 19 0 7 19 0 8 19 0 9 19 0 10 19 0 11 19 0 12 19 1 13 19 0 5 20 0 6 20 4 7 20 0 8 20 0 9 20 0 10 20 0 11 20 3 12 20 0 13 20 0 14 20 0 10 21 0 11 21 0 12 21 0 
 --- Bot used 1 milliseconds ---
-----------------------------------------------------------------------------
 --- Frame #58 ---
4 15 0 5 15 0 6 15 0 7 15 0 4 16 0 5 16 0 6 16 0 7 16 0 8 16 0 9 16 0 10 16 0 11 16 0 3 17 0 4 17 0 5 17 0 6 17 0 7 17 0 8 17 0 9 17 0 10 17 0 11 17 0 1 18 0 2 18 1 3 18 0 4 18 0 5 18 0 6 18 4 7 18 0 8 18 0 9 18 0 10 18 0 11 18 1 12 18 1 13 18 0 2 19 0 3 19 0 4 19 3 5 19 0 6 19 0 7 19 4 8 19 0 9 19 0 10 19 0 11 19 0 12 19 0 13 19 0 5 20 4 6 20 0 7 20 0 8 20 0 9 20 0 10 20 0 11 20 0 12 20 2 13 20 0 14 20 0 10 21 0 11 21 3 12 21 0 
 --- Bot used 1 milliseconds ---
-----------------------------------------------------------------------------
 --- Frame #59 ---
4 15 0 5 15 0 6 15 1 7 15 0 4 16 0 5 16 0 6 16 0 7 16 0 8 16 0 9 16 0 10 16 0 11 16 0 2 17 0 3 17 1 4 17 0 5 17 0 6 17 0 7 17 0 8 17 0 9 17 0 10 17 0 11 17 1 12 17 0 1 18 4 2 18 0 3 18 0 4 18 0 5 18 3 6 18 0 7 18 1 8 18 0 9 18 0 10 18 1 11 18 0 12 18 0 13 18 0 2 19 0 3 19 0 4 19 0 5 19 0 6 19 4 7 19 0 8 19 1 9 19 0 10 19 1 11 19 0 12 19 0 13 19 0 4 20 4 5 20 0 6 20 0 7 20 0 8 20 0 9 20 0 10 20 0 11 20 0 12 20 0 13 20 3 14 20 0 10 21 0 11 21 0 12 21 0 11 22 0 
 --- Bot used 3 milliseconds ---
-----------------------------------------------------------------------------
 --- Frame #60 ---
6 14 0 4 15 0 5 15 0 6 15 0 7 15 0 3 16 0 4 16 4 5 16 0 6 16 0 7 16 0 8 16 0 9 16 0 10 16 0 11 16 0 2 17 0 3 17 0 4 17 0 5 17 0 6 17 0 7 17 1 8 17 0 9 17 0 10 17 1 11 17 0 12 17 0 0 18 0 1 18 0 2 18 0 3 18 0 4 18 3 5 18 0 6 18 0 7 18 0 8 18 1 9 18 1 10 18 1 11 18 0 12 18 0 13 18 0 2 19 0 3 19 4 4 19 0 5 19 3 6 19 0 7 19 0 8 19 0 9 19 1 10 19 0 11 19 0 12 19 0 13 19 0 3 20 4 4 20 0 5 20 0 6 20 0 7 20 0 8 20 0 9 20 0 10 20 0 11 20 0 12 20 0 13 20 0 14 20 0 10 21 0 11 21 0 12 21 0 13 21 0 11 22 0 
 --- Bot used 17 milliseconds ---
-----------------------------------------------------------------------------
 --- Frame #61 ---
6 14 0 4 15 0 5 15 1 6 15 0 7 15 0 3 16 4 4 16 0 5 16 0 6 16 0 7 16 1 8 16 1 9 16 0 10 16 0 11 16 0 2 17 0 3 17 0 4 17 0 5 17 1 6 17 4 7 17 0 8 17 1 9 17 1 10 17 1 11 17 0 12 17 0 0 18 0 1 18 0 2 18 0 3 18 0 4 18 0 5 18 0 6 18 0 7 18 0 8 18 0 9 18 1 10 18 0 11 18 0 12 18 0 13 18 0 2 19 4 3 19 0 4 19 3 5 19 0 6 19 0 7 19 0 8 19 0 9 19 0 10 19 0 11 19 0 12 19 0 13 19 0 2 20 4 3 20 0 4 20 0 5 20 3 6 20 0 7 20 0 8 20 0 9 20 0 10 20 0 11 20 0 12 20 0 13 20 0 14 20 0 10 21 0 11 21 0 12 21 0 13 21 0 11 22 0 
 --- Bot used 0 milliseconds ---
-----------------------------------------------------------------------------
 --- Frame #62 ---
5 14 0 6 14 0 4 15 4 5 15 0 6 15 0 7 15 1 8 15 0 2 16 0 3 16 0 4 16 0 5 16 4 6 16 1 7 16 0 8 16 1 9 16 1 10 16 0 11 16 0 2 17 0 3 17 0 4 17 4 5 17 4 6 17 0 7 17 0 8 17 0 9 17 1 10 17 0 11 17 0 12 17 0 0 18 0 1 18 0 2 18 0 3 18 0 4 18 0 5 18 0 6 18 0 7 18 0 8 18 0 9 18 0 10 18 0 11 18 0 12 18 0 13 18 0 1 19 0 2 19 0 3 19 0 4 19 0 5 19 0 6 19 0 7 19 0 8 19 0 9 19 0 10 19 0 11 19 2 12 19 0 13 19 0 1 20 4 2 20 0 3 20 0 4 20 3 5 20 0 6 20 0 7 20 0 8 20 0 9 20 0 10 20 0 11 20 0 12 20 0 13 20 0 14 20 0 5 21 4 10 21 2 11 21 0 12 21 0 13 21 0 11 22 0 
 --- Bot used 14 milliseconds ---
-----------------------------------------------------------------------------
 --- Frame #63 ---
5 14 0 6 14 1 7 14 1 3 15 0 4 15 0 5 15 0 6 15 1 7 15 0 8 15 1 9 15 0 2 16 0 3 16 0 4 16 1 5 16 0 6 16 0 7 16 0 8 16 0 9 16 1 10 16 0 11 16 0 2 17 0 3 17 4 4 17 4 5 17 0 6 17 0 7 17 0 8 17 0 9 17 0 10 17 0 11 17 0 12 17 0 0 18 0 1 18 0 2 18 0 3 18 4 4 18 0 5 18 0 6 18 0 7 18 0 8 18 0 9 18 0 10 18 0 11 18 0 12 18 0 13 18 0 1 19 0 2 19 0 3 19 0 4 19 0 5 19 0 6 19 0 7 19 0 8 19 0 9 19 0 10 19 0 11 19 0 12 19 2 13 19 0 0 20 0 1 20 0 2 20 0 3 20 0 4 20 0 5 20 0 6 20 0 7 20 0 8 20 0 9 20 0 10 20 0 11 20 0 12 20 0 13 20 0 14 20 0 4 21 4 5 21 0 10 21 0 11 21 2 12 21 0 13 21 0 11 22 0 
 --- Bot used 46 milliseconds ---
-----------------------------------------------------------------------------
 --- Frame #64 ---
6 13 0 7 13 1 5 14 0 6 14 4 7 14 0 8 14 1 3 15 0 4 15 1 5 15 0 6 15 0 7 15 0 8 15 0 9 15 0 2 16 0 3 16 0 4 16 0 5 16 0 6 16 0 7 16 0 8 16 0 9 16 0 10 16 0 11 16 0 2 17 4 3 17 4 4 17 0 5 17 0 6 17 0 7 17 0 8 17 0 9 17 0 10 17 0 11 17 0 12 17 0 0 18 0 1 18 0 2 18 4 3 18 0 4 18 0 5 18 0 6 18 0 7 18 0 8 18 0 9 18 0 10 18 0 11 18 1 12 18 1 13 18 0 1 19 0 2 19 0 3 19 0 4 19 0 5 19 0 6 19 0 7 19 0 8 19 0 9 19 0 10 19 0 11 19 0 12 19 0 13 19 2 0 20 0 1 20 0 2 20 0 3 20 0 4 20 0 5 20 0 6 20 0 7 20 0 8 20 0 9 20 0 10 20 0 11 20 0 12 20 0 13 20 0 14 20 0 3 21 4 4 21 0 5 21 0 10 21 0 11 21 0 12 21 3 13 21 0 11 22 0 
 --- Bot used 19 milliseconds ---
-----------------------------------------------------------------------------
 --- Frame #65 ---
7 12 4 6 13 0 7 13 0 8 13 0 4 14 4 5 14 1 6 14 0 7 14 0 8 14 0 3 15 0 4 15 0 5 15 0 6 15 0 7 15 0 8 15 0 9 15 0 2 16 0 3 16 0 4 16 0 5 16 0 6 16 0 7 16 0 8 16 0 9 16 0 10 16 0 11 16 0 1 17 4 2 17 4 3 17 0 4 17 0 5 17 0 6 17 0 7 17 0 8 17 0 9 17 0 10 17 0 11 17 1 12 17 0 0 18 0 1 18 4 2 18 0 3 18 0 4 18 0 5 18 0 6 18 4 7 18 0 8 18 0 9 18 0 10 18 0 11 18 0 12 18 0 13 18 0 1 19 0 2 19 0 3 19 0 4 19 0 5 19 0 6 19 0 7 19 4 8 19 0 9 19 0 10 19 0 11 19 0 12 19 0 13 19 0 14 19 0 0 20 0 1 20 0 2 20 0 3 20 0 4 20 0 5 20 0 6 20 0 7 20 0 8 20 0 9 20 0 10 20 2 11 20 3 12 20 2 13 20 0 14 20 0 2 21 4 3 21 0 4 21 0 5 21 0 10 21 0 11 21 0 12 21 0 13 21 0 11 22 0 12 22 0 
 --- Bot used 10 milliseconds ---
-----------------------------------------------------------------------------
 --- Frame #66 ---
6 12 4 7 12 0 5 13 4 6 13 0 7 13 0 8 13 0 3 14 0 4 14 0 5 14 0 6 14 0 7 14 0 8 14 0 3 15 0 4 15 0 5 15 0 6 15 0 7 15 0 8 15 0 9 15 0 2 16 0 3 16 0 4 16 0 5 16 0 6 16 0 7 16 0 8 16 0 9 16 0 10 16 1 11 16 1 0 17 0 1 17 0 2 17 0 3 17 0 4 17 0 5 17 0 6 17 0 7 17 0 8 17 0 9 17 0 10 17 0 11 17 0 12 17 0 0 18 4 1 18 0 2 18 0 3 18 0 4 18 0 5 18 4 6 18 0 7 18 1 8 18 0 9 18 0 10 18 0 11 18 0 12 18 0 13 18 1 1 19 4 2 19 0 3 19 0 4 19 0 5 19 0 6 19 4 7 19 0 8 19 0 9 19 0 10 19 1 11 19 0 12 19 0 13 19 0 14 19 0 0 20 0 1 20 0 2 20 0 3 20 0 4 20 0 5 20 0 6 20 0 7 20 0 8 20 0 9 20 2 10 20 0 11 20 3 12 20 0 13 20 2 14 20 0 1 21 0 2 21 0 3 21 0 4 21 0 5 21 0 10 21 0 11 21 3 12 21 0 13 21 0 11 22 0 12 22 0 
 --- Bot used 53 milliseconds ---
-----------------------------------------------------------------------------
 --- Frame #67 ---
5 12 0 6 12 0 7 12 0 4 13 4 5 13 0 6 13 0 7 13 0 8 13 0 3 14 0 4 14 0 5 14 0 6 14 0 7 14 0 8 14 0 3 15 0 4 15 0 5 15 4 6 15 0 7 15 0 8 15 0 9 15 0 10 15 0 11 15 0 2 16 0 3 16 4 4 16 0 5 16 0 6 16 0 7 16 0 8 16 0 9 16 0 10 16 0 11 16 0 0 17 0 1 17 0 2 17 0 3 17 0 4 17 0 5 17 0 6 17 0 7 17 1 8 17 0 9 17 0 10 17 0 11 17 0 12 17 1 13 17 0 0 18 0 1 18 0 2 18 0 3 18 0 4 18 3 5 18 0 6 18 0 7 18 0 8 18 0 9 18 0 10 18 1 11 18 0 12 18 0 13 18 0 39 18 4 0 19 0 1 19 0 2 19 0 3 19 0 4 19 0 5 19 4 6 19 0 7 19 0 8 19 1 9 19 0 10 19 0 11 19 0 12 19 0 13 19 0 14 19 1 0 20 0 1 20 0 2 20 0 3 20 0 4 20 0 5 20 0 6 20 0 7 20 0 8 20 4 9 20 0 10 20 2 11 20 0 12 20 0 13 20 0 14 20 2 1 21 4 2 21 0 3 21 0 4 21 0 5 21 0 10 21 0 11 21 3 12 21 0 13 21 0 11 22 0 12 22 0 
 --- Bot used 48 milliseconds ---
-----------------------------------------------------------------------------
 --- Frame #68 ---
5 12 0 6 12 0 7 12 0 3 13 0 4 13 0 5 13 0 6 13 0 7 13 0 8 13 0 3 14 0 4 14 0 5 14 0 6 14 0 7 14 0 8 14 0 3 15 0 4 15 4 5 15 0 6 15 0 7 15 0 8 15 0 9 15 0 10 15 0 11 15 0 2 16 4 3 16 0 4 16 0 5 16 4 6 16 0 7 16 1 8 16 0 9 16 0 10 16 0 11 16 0 12 16 0 0 17 0 1 17 1 2 17 0 3 17 0 4 17 0 5 17 4 6 17 4 7 17 0 8 17 0 9 17 0 10 17 1 11 17 0 12 17 0 13 17 0 0 18 0 1 18 0 2 18 0 3 18 0 4 18 0 5 18 0 6 18 0 7 18 0 8 18 1 9 18 1 10 18 0 11 18 0 12 18 0 13 18 0 14 18 0 38 18 4 39 18 0 0 19 0 1 19 0 2 19 0 3 19 3 4 19 3 5 19 0 6 19 0 7 19 0 8 19 0 9 19 1 10 19 0 11 19 2 12 19 0 13 19 0 14 19 0 0 20 0 1 20 0 2 20 0 3 20 0 4 20 0 5 20 0 6 20 0 7 20 4 8 20 0 9 20 0 10 20 0 11 20 3 12 20 0 13 20 0 14 20 0 15 20 0 0 21 0 1 21 0 2 21 0 3 21 0 4 21 0 5 21 0 10 21 0 11 21 0 12 21 0 13 21 0 11 22 3 12 22 0 
 --- Bot used 79 milliseconds ---
-----------------------------------------------------------------------------
 --- Frame #69 ---
5 12 0 6 12 0 7 12 0 3 13 0 4 13 0 5 13 0 6 13 0 7 13 0 8 13 0 3 14 4 4 14 0 5 14 0 6 14 0 7 14 0 8 14 0 3 15 4 4 15 0 5 15 0 6 15 0 7 15 1 8 15 0 9 15 0 10 15 0 11 15 0 1 16 1 2 16 0 3 16 0 4 16 4 5 16 0 6 16 4 7 16 0 8 16 0 9 16 0 10 16 1 11 16 0 12 16 0 0 17 0 1 17 0 2 17 0 3 17 0 4 17 4 5 17 4 6 17 0 7 17 0 8 17 1 9 17 1 10 17 0 11 17 0 12 17 0 13 17 0 0 18 0 1 18 0 2 18 0 3 18 4 4 18 0 5 18 0 6 18 0 7 18 0 8 18 0 9 18 1 10 18 0 11 18 0 12 18 0 13 18 0 14 18 0 37 18 2 38 18 0 39 18 0 0 19 0 1 19 0 2 19 0 3 19 0 4 19 0 5 19 0 6 19 0 7 19 0 8 19 0 9 19 0 10 19 0 11 19 0 12 19 2 13 19 0 14 19 0 0 20 0 1 20 0 2 20 0 3 20 4 4 20 4 5 20 0 6 20 4 7 20 0 8 20 0 9 20 0 10 20 0 11 20 0 12 20 0 13 20 0 14 20 0 15 20 0 0 21 0 1 21 0 2 21 0 3 21 0 4 21 0 5 21 0 10 21 0 11 21 2 12 21 0 13 21 0 11 22 0 12 22 0 11 23 0 
 --- Bot used 24 milliseconds ---
-----------------------------------------------------------------------------
 --- Frame #70 ---
5 12 4 6 12 0 7 12 0 3 13 0 4 13 0 5 13 0 6 13 0 7 13 0 8 13 1 2 14 0 3 14 0 4 14 0 5 14 0 6 14 0 7 14 2 8 14 0 1 15 0 2 15 4 3 15 0 4 15 0 5 15 0 6 15 1 7 15 0 8 15 0 9 15 0 10 15 1 11 15 0 1 16 0 2 16 0 3 16 4 4 16 0 5 16 4 6 16 0 7 16 0 8 16 1 9 16 1 10 16 0 11 16 0 12 16 0 0 17 0 1 17 0 2 17 0 3 17 4 4 17 4 5 17 0 6 17 0 7 17 0 8 17 0 9 17 1 10 17 0 11 17 0 12 17 0 13 17 0 0 18 0 1 18 0 2 18 4 3 18 0 4 18 0 5 18 0 6 18 0 7 18 0 8 18 0 9 18 0 10 18 0 11 18 1 12 18 1 13 18 0 14 18 0 37 18 0 38 18 3 39 18 0 0 19 0 1 19 0 2 19 0 3 19 0 4 19 0 5 19 0 6 19 0 7 19 0 8 19 0 9 19 0 10 19 0 11 19 0 12 19 0 13 19 2 14 19 0 0 20 0 1 20 0 2 20 4 3 20 4 4 20 0 5 20 4 6 20 0 7 20 0 8 20 0 9 20 0 10 20 0 11 20 0 12 20 0 13 20 0 14 20 0 15 20 0 0 21 0 1 21 0 2 21 0 3 21 0 4 21 0 5 21 0 10 21 0 11 21 0 12 21 2 13 21 0 11 22 0 12 22 0 11 23 0 
 --- Bot used 28 milliseconds ---
-----------------------------------------------------------------------------
 --- Frame #71 ---
4 12 0 5 12 0 6 12 1 7 12 0 8 12 0 3 13 0 4 13 0 5 13 0 6 13 1 7 13 0 8 13 0 2 14 0 3 14 0 4 14 0 5 14 0 6 14 1 7 14 0 8 14 2 10 14 0 1 15 1 2 15 0 3 15 0 4 15 0 5 15 0 6 15 0 7 15 0 8 15 1 9 15 1 10 15 0 11 15 0 1 16 0 2 16 4 3 16 0 4 16 4 5 16 0 6 16 0 7 16 0 8 16 0 9 16 1 10 16 0 11 16 0 12 16 0 0 17 0 1 17 0 2 17 4 3 17 4 4 17 0 5 17 0 6 17 0 7 17 0 8 17 0 9 17 0 10 17 0 11 17 1 12 17 1 13 17 0 0 18 0 1 18 4 2 18 0 3 18 0 4 18 0 5 18 0 6 18 0 7 18 0 8 18 0 9 18 0 10 18 0 11 18 0 12 18 0 13 18 0 14 18 0 37 18 0 38 18 0 39 18 0 0 19 0 1 19 0 2 19 4 3 19 0 4 19 0 5 19 0 6 19 0 7 19 0 8 19 0 9 19 0 10 19 0 11 19 0 12 19 0 13 19 0 14 19 2 38 19 0 0 20 0 1 20 4 2 20 4 3 20 0 4 20 4 5 20 0 6 20 0 7 20 0 8 20 0 9 20 0 10 20 0 11 20 0 12 20 0 13 20 0 14 20 0 15 20 0 0 21 0 1 21 0 2 21 0 3 21 0 4 21 0 5 21 0 10 21 0 11 21 0 12 21 0 13 21 2 11 22 0 12 22 0 11 23 0 
 --- Bot used 19 milliseconds ---
-----------------------------------------------------------------------------
 --- Frame #72 ---
6 11 0 4 12 0 5 12 0 6 12 4 7 12 1 8 12 0 3 13 0 4 13 0 5 13 0 6 13 4 7 13 0 8 13 0 1 14 1 2 14 0 3 14 0 4 14 4 5 14 1 6 14 0 7 14 0 8 14 1 9 14 1 10 14 0 1 15 0 2 15 0 3 15 0 4 15 0 5 15 0 6 15 0 7 15 0 8 15 0 9 15 1 10 15 0 11 15 0 1 16 1 2 16 0 3 16 4 4 16 0 5 16 0 6 16 0 7 16 0 8 16 0 9 16 0 10 16 0 11 16 1 12 16 0 0 17 4 1 17 4 2 17 4 3 17 0 4 17 0 5 17 0 6 17 0 7 17 0 8 17 0 9 17 0 10 17 0 11 17 0 12 17 0 13 17 0 0 18 4 1 18 0 2 18 0 3 18 0 4 18 0 5 18 0 6 18 4 7 18 0 8 18 0 9 18 0 10 18 0 11 18 0 12 18 0 13 18 1 14 18 0 37 18 0 38 18 0 39 18 0 0 19 0 1 19 4 2 19 0 3 19 0 4 19 0 5 19 0 6 19 0 7 19 4 8 19 0 9 19 0 10 19 0 11 19 0 12 19 0 13 19 0 14 19 0 15 19 0 38 19 0 0 20 4 1 20 4 2 20 0 3 20 4 4 20 0 5 20 0 6 20 0 7 20 0 8 20 0 9 20 0 10 20 0 11 20 0 12 20 2 13 20 0 14 20 0 15 20 2 0 21 0 1 21 0 2 21 0 3 21 0 4 21 0 5 21 0 10 21 0 11 21 0 12 21 0 13 21 0 14 21 0 11 22 0 12 22 0 11 23 0 
 --- Bot used 26 milliseconds ---
-----------------------------------------------------------------------------
 --- Frame #73 ---
6 11 0 7 11 0 4 12 0 5 12 1 6 12 0 7 12 0 8 12 0 1 13 0 3 13 0 4 13 0 5 13 1 6 13 0 7 13 0 8 13 1 9 13 1 1 14 0 2 14 0 3 14 4 4 14 0 5 14 0 6 14 0 7 14 0 8 14 0 9 14 1 10 14 0 1 15 1 2 15 0 3 15 0 4 15 0 5 15 1 6 15 0 7 15 0 8 15 0 9 15 0 10 15 0 11 15 1 1 16 0 2 16 1 3 16 0 4 16 0 5 16 0 6 16 0 7 16 0 8 16 0 9 16 0 10 16 0 11 16 0 12 16 0 0 17 4 1 17 4 2 17 0 3 17 0 4 17 0 5 17 0 6 17 0 7 17 0 8 17 0 9 17 0 10 17 0 11 17 0 12 17 0 13 17 0 39 17 0 0 18 0 1 18 0 2 18 0 3 18 0 4 18 0 5 18 4 6 18 0 7 18 1 8 18 0 9 18 0 10 18 0 11 18 0 12 18 0 13 18 0 14 18 0 37 18 0 38 18 0 39 18 3 0 19 4 1 19 0 2 19 0 3 19 0 4 19 0 5 19 0 6 19 4 7 19 0 8 19 0 9 19 0 10 19 1 11 19 0 12 19 0 13 19 0 14 19 0 15 19 0 38 19 0 0 20 4 1 20 0 2 20 4 3 20 0 4 20 0 5 20 0 6 20 0 7 20 0 8 20 0 9 20 0 10 20 0 11 20 0 12 20 0 13 20 2 14 20 0 15 20 0 16 20 0 39 20 1 0 21 0 1 21 0 2 21 0 3 21 0 4 21 0 5 21 0 10 21 0 11 21 0 12 21 0 13 21 0 14 21 2 11 22 0 12 22 0 11 23 0 
 --- Bot used 44 milliseconds ---
-----------------------------------------------------------------------------
 --- Frame #74 ---
5 11 4 6 11 0 7 11 0 4 12 0 5 12 4 6 12 0 7 12 0 8 12 1 9 12 0 1 13 0 3 13 0 4 13 0 5 13 0 6 13 0 7 13 1 8 13 0 9 13 0 1 14 1 2 14 1 3 14 0 4 14 0 5 14 4 6 14 0 7 14 0 8 14 0 9 14 0 10 14 0 11 14 0 1 15 0 2 15 1 3 15 0 4 15 4 5 15 0 6 15 0 7 15 0 8 15 0 9 15 0 10 15 0 11 15 0 1 16 0 2 16 0 3 16 0 4 16 0 5 16 0 6 16 0 7 16 0 8 16 0 9 16 0 10 16 0 11 16 0 12 16 0 0 17 2 1 17 0 2 17 0 3 17 0 4 17 0 5 17 0 6 17 0 7 17 1 8 17 0 9 17 0 10 17 0 11 17 0 12 17 0 13 17 0 39 17 2 0 18 0 1 18 0 2 18 0 3 18 0 4 18 4 5 18 0 6 18 0 7 18 0 8 18 0 9 18 0 10 18 1 11 18 0 12 18 0 13 18 0 14 18 0 37 18 0 38 18 0 39 18 0 0 19 0 1 19 0 2 19 0 3 19 0 4 19 0 5 19 4 6 19 0 7 19 0 8 19 0 9 19 0 10 19 0 11 19 1 12 19 0 13 19 0 14 19 0 15 19 0 38 19 0 39 19 1 0 20 0 1 20 1 2 20 0 3 20 0 4 20 0 5 20 0 6 20 0 7 20 0 8 20 0 9 20 0 10 20 0 11 20 0 12 20 0 13 20 0 14 20 1 15 20 0 16 20 0 39 20 1 0 21 0 1 21 0 2 21 0 3 21 0 4 21 0 5 21 0 10 21 0 11 21 0 12 21 0 13 21 0 14 21 0 15 21 0 11 22 0 12 22 0 11 23 0 
 --- Bot used 67 milliseconds ---
-----------------------------------------------------------------------------
 --- Frame #75 ---
4 11 0 5 11 0 6 11 0 7 11 0 8 11 1 4 12 4 5 12 0 6 12 0 7 12 1 8 12 0 9 12 0 1 13 1 2 13 0 3 13 1 4 13 4 5 13 0 6 13 0 7 13 0 8 13 0 9 13 0 1 14 0 2 14 1 3 14 0 4 14 4 5 14 0 6 14 0 7 14 0 8 14 0 9 14 0 10 14 0 11 14 0 1 15 0 2 15 0 3 15 1 4 15 0 5 15 0 6 15 0 7 15 0 8 15 0 9 15 0 10 15 0 11 15 0 1 16 0 2 16 0 3 16 0 4 16 0 5 16 0 6 16 0 7 16 1 8 16 0 9 16 0 10 16 0 11 16 0 12 16 0 0 17 2 1 17 1 2 17 0 3 17 0 4 17 0 5 17 4 6 17 1 7 17 0 8 17 0 9 17 0 10 17 1 11 17 0 12 17 0 13 17 1 39 17 0 0 18 0 1 18 0 2 18 0 3 18 1 4 18 0 5 18 0 6 18 0 7 18 0 8 18 0 9 18 0 10 18 0 11 18 1 12 18 0 13 18 0 14 18 0 37 18 0 38 18 0 39 18 1 0 19 0 1 19 1 2 19 0 3 19 0 4 19 4 5 19 0 6 19 0 7 19 0 8 19 1 9 19 0 10 19 0 11 19 0 12 19 1 13 19 0 14 19 1 15 19 0 38 19 0 39 19 1 0 20 0 1 20 0 2 20 0 3 20 0 4 20 0 5 20 0 6 20 0 7 20 0 8 20 0 9 20 0 10 20 0 11 20 0 12 20 0 13 20 0 14 20 0 15 20 0 16 20 0 39 20 0 0 21 0 1 21 0 2 21 0 3 21 0 4 21 0 5 21 0 10 21 0 11 21 0 12 21 0 13 21 0 14 21 0 15 21 0 11 22 0 12 22 0 11 23 0 
 --- Bot used 60 milliseconds ---
-----------------------------------------------------------------------------
 --- Frame #76 ---
8 10 4 4 11 0 5 11 0 6 11 0 7 11 1 8 11 0 1 12 1 3 12 4 4 12 0 5 12 0 6 12 0 7 12 0 8 12 0 9 12 0 1 13 0 2 13 1 3 13 4 4 13 0 5 13 0 6 13 0 7 13 0 8 13 0 9 13 0 1 14 0 2 14 0 3 14 4 4 14 0 5 14 0 6 14 0 7 14 0 8 14 0 9 14 0 10 14 0 11 14 0 1 15 0 2 15 0 3 15 0 4 15 0 5 15 0 6 15 0 7 15 1 8 15 0 9 15 0 10 15 0 11 15 0 1 16 1 2 16 0 3 16 0 4 16 0 5 16 1 6 16 1 7 16 0 8 16 0 9 16 0 10 16 1 11 16 0 12 16 0 13 16 0 0 17 0 1 17 1 2 17 0 3 17 4 4 17 4 5 17 0 6 17 0 7 17 0 8 17 0 9 17 0 10 17 0 11 17 1 12 17 0 13 17 0 39 17 2 0 18 0 1 18 1 2 18 0 3 18 0 4 18 0 5 18 0 6 18 0 7 18 0 8 18 1 9 18 1 10 18 0 11 18 0 12 18 1 13 18 0 14 18 1 37 18 0 38 18 0 39 18 1 0 19 0 1 19 0 2 19 0 3 19 4 4 19 0 5 19 0 6 19 0 7 19 0 8 19 0 9 19 1 10 19 0 11 19 0 12 19 0 13 19 0 14 19 0 15 19 0 38 19 1 39 19 0 0 20 0 1 20 0 2 20 0 3 20 0 4 20 0 5 20 0 6 20 0 7 20 0 8 20 0 9 20 0 10 20 0 11 20 3 12 20 0 13 20 0 14 20 0 15 20 0 16 20 0 39 20 0 0 21 0 1 21 0 2 21 0 3 21 0 4 21 0 5 21 0 10 21 0 11 21 0 12 21 0 13 21 0 14 21 0 15 21 0 11 22 0 12 22 0 11 23 0 
 --- Bot used 58 milliseconds ---
-----------------------------------------------------------------------------
 --- Frame #77 ---
7 10 4 8 10 0 1 11 4 4 11 0 5 11 0 6 11 0 7 11 0 8 11 0 1 12 0 2 12 1 3 12 0 4 12 0 5 12 0 6 12 0 7 12 0 8 12 0 9 12 0 1 13 0 2 13 1 3 13 0 4 13 0 5 13 0 6 13 0 7 13 0 8 13 0 9 13 0 1 14 0 2 14 1 3 14 0 4 14 0 5 14 0 6 14 0 7 14 1 8 14 0 9 14 0 10 14 0 11 14 0 1 15 1 2 15 0 3 15 0 4 15 0 5 15 1 6 15 1 7 15 0 8 15 0 9 15 0 10 15 1 11 15 0 1 16 1 2 16 0 3 16 0 4 16 4 5 16 0 6 16 0 7 16 0 8 16 0 9 16 0 10 16 0 11 16 1 12 16 0 13 16 0 0 17 2 1 17 1 2 17 1 3 17 1 4 17 0 5 17 0 6 17 0 7 17 0 8 17 1 9 17 1 10 17 0 11 17 0 12 17 1 13 17 0 14 17 1 39 17 2 0 18 0 1 18 0 2 18 1 3 18 0 4 18 0 5 18 0 6 18 0 7 18 0 8 18 0 9 18 1 10 18 0 11 18 0 12 18 0 13 18 0 14 18 0 37 18 0 38 18 2 39 18 0 0 19 0 1 19 0 2 19 1 3 19 0 4 19 0 5 19 0 6 19 0 7 19 0 8 19 0 9 19 0 10 19 0 11 19 0 12 19 0 13 19 1 14 19 0 15 19 0 38 19 0 39 19 0 0 20 0 1 20 0 2 20 0 3 20 0 4 20 0 5 20 0 6 20 0 7 20 0 8 20 0 9 20 0 10 20 2 11 20 0 12 20 0 13 20 0 14 20 0 15 20 0 16 20 0 39 20 0 0 21 0 1 21 0 2 21 0 3 21 0 4 21 0 5 21 1 10 21 2 11 21 3 12 21 0 13 21 0 14 21 0 15 21 0 11 22 0 12 22 0 11 23 0 
 --- Bot used 60 milliseconds ---
-----------------------------------------------------------------------------
 --- Frame #78 ---
6 10 4 7 10 0 8 10 0 0 11 0 1 11 0 2 11 1 4 11 0 5 11 0 6 11 0 7 11 0 8 11 0 1 12 0 2 12 1 3 12 0 4 12 0 5 12 0 6 12 0 7 12 0 8 12 0 9 12 0 1 13 0 2 13 1 3 13 0 4 13 0 5 13 0 6 13 0 7 13 2 8 13 0 9 13 0 1 14 1 2 14 0 3 14 0 4 14 0 5 14 1 6 14 4 7 14 0 8 14 0 9 14 0 10 14 1 11 14 0 1 15 1 2 15 0 3 15 0 4 15 0 5 15 0 6 15 0 7 15 0 8 15 0 9 15 0 10 15 0 11 15 0 1 16 1 2 16 1 3 16 1 4 16 0 5 16 0 6 16 0 7 16 0 8 16 1 9 16 1 10 16 0 11 16 0 12 16 1 13 16 0 14 16 0 0 17 2 1 17 1 2 17 1 3 17 0 4 17 0 5 17 0 6 17 0 7 17 0 8 17 0 9 17 1 10 17 0 11 17 0 12 17 0 13 17 0 14 17 0 39 17 0 0 18 0 1 18 0 2 18 1 3 18 0 4 18 0 5 18 0 6 18 0 7 18 0 8 18 0 9 18 0 10 18 0 11 18 0 12 18 0 13 18 2 14 18 0 37 18 0 38 18 0 39 18 1 0 19 0 1 19 0 2 19 0 3 19 0 4 19 0 5 19 0 6 19 0 7 19 0 8 19 0 9 19 0 10 19 0 11 19 0 12 19 0 13 19 0 14 19 0 15 19 0 38 19 0 39 19 0 0 20 0 1 20 0 2 20 0 3 20 0 4 20 0 5 20 1 6 20 0 7 20 0 8 20 0 9 20 2 10 20 0 11 20 3 12 20 0 13 20 0 14 20 0 15 20 0 16 20 0 39 20 0 0 21 0 1 21 0 2 21 0 3 21 0 4 21 4 5 21 0 10 21 0 11 21 3 12 21 0 13 21 0 14 21 0 15 21 0 11 22 3 12 22 4 11 23 0 
 --- Bot used 129 milliseconds ---
-----------------------------------------------------------------------------
 --- Frame #79 ---
2 10 4 5 10 4 6 10 0 7 10 0 8 10 0 0 11 0 1 11 0 2 11 0 4 11 0 5 11 0 6 11 0 7 11 0 8 11 0 1 12 0 2 12 1 3 12 0 4 12 0 5 12 0 6 12 0 7 12 0 8 12 0 9 12 0 1 13 1 2 13 0 3 13 0 4 13 0 5 13 4 6 13 0 7 13 0 8 13 1 9 13 1 10 13 1 1 14 1 2 14 0 3 14 0 4 14 0 5 14 4 6 14 0 7 14 0 8 14 0 9 14 0 10 14 0 11 14 0 1 15 1 2 15 1 3 15 1 4 15 0 5 15 0 6 15 0 7 15 0 8 15 1 9 15 1 10 15 0 11 15 1 12 15 0 1 16 1 2 16 1 3 16 0 4 16 0 5 16 0 6 16 0 7 16 0 8 16 0 9 16 1 10 16 0 11 16 0 12 16 0 13 16 0 14 16 0 0 17 0 1 17 1 2 17 1 3 17 0 4 17 0 5 17 0 6 17 0 7 17 0 8 17 0 9 17 0 10 17 0 11 17 0 12 17 0 13 17 0 14 17 0 39 17 2 0 18 0 1 18 0 2 18 0 3 18 0 4 18 0 5 18 0 6 18 1 7 18 0 8 18 0 9 18 0 10 18 0 11 18 0 12 18 0 13 18 0 14 18 2 37 18 0 38 18 0 39 18 0 0 19 0 1 19 0 2 19 0 3 19 0 4 19 0 5 19 4 6 19 0 7 19 1 8 19 0 9 19 0 10 19 0 11 19 0 12 19 0 13 19 0 14 19 0 15 19 0 38 19 0 39 19 0 0 20 0 1 20 0 2 20 0 3 20 0 4 20 0 5 20 0 6 20 0 7 20 0 8 20 2 9 20 0 10 20 2 11 20 0 12 20 4 13 20 0 14 20 0 15 20 0 16 20 0 39 20 0 0 21 0 1 21 0 2 21 0 3 21 1 4 21 0 5 21 0 10 21 0 11 21 3 12 21 0 13 21 0 14 21 0 15 21 0 11 22 3 12 22 0 11 23 3 
 --- Bot used 81 milliseconds ---
-----------------------------------------------------------------------------
 --- Frame #80 ---
1 10 4 2 10 0 4 10 4 5 10 0 6 10 0 7 10 0 8 10 0 0 11 0 1 11 0 2 11 2 4 11 0 5 11 0 6 11 0 7 11 0 8 11 0 1 12 1 2 12 0 3 12 0 4 12 0 5 12 0 6 12 0 7 12 0 8 12 1 9 12 1 10 12 0 1 13 1 2 13 0 3 13 0 4 13 4 5 13 0 6 13 1 7 13 0 8 13 0 9 13 0 10 13 0 1 14 1 2 14 1 3 14 1 4 14 4 5 14 0 6 14 0 7 14 0 8 14 1 9 14 1 10 14 0 11 14 1 1 15 1 2 15 1 3 15 0 4 15 4 5 15 0 6 15 0 7 15 0 8 15 0 9 15 1 10 15 0 11 15 0 12 15 0 1 16 1 2 16 1 3 16 0 4 16 0 5 16 0 6 16 0 7 16 0 8 16 0 9 16 0 10 16 0 11 16 0 12 16 0 13 16 0 14 16 0 0 17 2 1 17 0 2 17 0 3 17 0 4 17 0 5 17 0 6 17 1 7 17 0 8 17 0 9 17 0 10 17 0 11 17 0 12 17 0 13 17 0 14 17 0 39 17 0 0 18 0 1 18 0 2 18 0 3 18 0 4 18 0 5 18 4 6 18 0 7 18 1 8 18 0 9 18 0 10 18 0 11 18 0 12 18 0 13 18 0 14 18 0 15 18 0 37 18 0 38 18 0 39 18 0 0 19 0 1 19 0 2 19 0 3 19 0 4 19 4 5 19 0 6 19 1 7 19 0 8 19 0 9 19 0 10 19 2 11 19 2 12 19 0 13 19 0 14 19 0 15 19 2 38 19 0 39 19 0 0 20 0 1 20 0 2 20 0 3 20 1 4 20 0 5 20 0 6 20 0 7 20 2 8 20 0 9 20 2 10 20 0 11 20 3 12 20 0 13 20 1 14 20 0 15 20 0 16 20 0 39 20 0 0 21 0 1 21 0 2 21 1 3 21 0 4 21 0 5 21 0 10 21 0 11 21 0 12 21 2 13 21 0 14 21 0 15 21 0 11 22 3 12 22 0 11 23 3 11 24 0 
 --- Bot used 146 milliseconds ---
-----------------------------------------------------------------------------
 --- Frame #81 ---
0 10 0 1 10 0 2 10 0 3 10 1 4 10 0 5 10 0 6 10 0 7 10 0 8 10 0 0 11 0 1 11 4 2 11 0 3 11 1 4 11 0 5 11 0 6 11 0 7 11 0 8 11 1 9 11 1 1 12 1 2 12 0 3 12 0 4 12 0 5 12 0 6 12 1 7 12 0 8 12 0 9 12 0 10 12 0 1 13 1 2 13 1 3 13 1 4 13 0 5 13 0 6 13 0 7 13 0 8 13 1 9 13 1 10 13 0 11 13 0 1 14 1 2 14 1 3 14 1 4 14 0 5 14 0 6 14 0 7 14 0 8 14 0 9 14 2 10 14 0 11 14 0 1 15 1 2 15 1 3 15 1 4 15 0 5 15 0 6 15 0 7 15 0 8 15 0 9 15 0 10 15 0 11 15 0 12 15 0 1 16 0 2 16 0 3 16 0 4 16 0 5 16 0 6 16 1 7 16 0 8 16 0 9 16 0 10 16 0 11 16 0 12 16 0 13 16 0 14 16 0 0 17 0 1 17 1 2 17 0 3 17 0 4 17 0 5 17 1 6 17 0 7 17 1 8 17 0 9 17 0 10 17 0 11 17 0 12 17 0 13 17 1 14 17 0 39 17 0 0 18 0 1 18 0 2 18 0 3 18 1 4 18 1 5 18 0 6 18 1 7 18 0 8 18 0 9 18 0 10 18 1 11 18 1 12 18 0 13 18 0 14 18 0 15 18 0 37 18 0 38 18 0 39 18 0 0 19 0 1 19 0 2 19 0 3 19 1 4 19 0 5 19 0 6 19 0 7 19 0 8 19 0 9 19 0 10 19 0 11 19 1 12 19 1 13 19 1 14 19 0 15 19 0 16 19 0 38 19 0 39 19 0 0 20 0 1 20 0 2 20 1 3 20 0 4 20 0 5 20 0 6 20 2 7 20 0 8 20 2 9 20 0 10 20 2 11 20 0 12 20 0 13 20 0 14 20 0 15 20 0 16 20 0 39 20 0 0 21 1 1 21 0 2 21 0 3 21 0 4 21 0 5 21 0 10 21 0 11 21 3 12 21 0 13 21 2 14 21 0 15 21 0 11 22 0 12 22 0 11 23 3 11 24 2 
 --- Bot used 96 milliseconds ---
-----------------------------------------------------------------------------
 --- Frame #82 ---
3 9 4 0 10 0 1 10 0 2 10 0 3 10 4 4 10 0 5 10 0 6 10 0 7 10 0 8 10 1 9 10 1 0 11 4 1 11 4 2 11 0 3 11 0 4 11 0 5 11 0 6 11 1 7 11 0 8 11 0 9 11 0 1 12 1 2 12 1 3 12 4 4 12 0 5 12 1 6 12 0 7 12 0 8 12 1 9 12 1 10 12 0 1 13 1 2 13 1 3 13 4 4 13 0 5 13 0 6 13 0 7 13 0 8 13 0 9 13 0 10 13 0 11 13 0 1 14 1 2 14 1 3 14 4 4 14 0 5 14 0 6 14 0 7 14 0 8 14 0 9 14 0 10 14 2 11 14 0 1 15 0 2 15 0 3 15 0 4 15 0 5 15 0 6 15 1 7 15 0 8 15 0 9 15 0 10 15 0 11 15 0 12 15 0 1 16 1 2 16 0 3 16 0 4 16 0 5 16 1 6 16 0 7 16 1 8 16 0 9 16 0 10 16 0 11 16 0 12 16 0 13 16 0 14 16 0 0 17 0 1 17 0 2 17 0 3 17 4 4 17 1 5 17 0 6 17 1 7 17 0 8 17 0 9 17 0 10 17 1 11 17 1 12 17 0 13 17 0 14 17 0 39 17 0 0 18 0 1 18 0 2 18 0 3 18 4 4 18 0 5 18 0 6 18 0 7 18 0 8 18 0 9 18 0 10 18 0 11 18 1 12 18 1 13 18 1 14 18 0 15 18 0 37 18 0 38 18 0 39 18 0 0 19 0 1 19 0 2 19 1 3 19 0 4 19 0 5 19 0 6 19 0 7 19 0 8 19 0 9 19 0 10 19 0 11 19 0 12 19 0 13 19 0 14 19 0 15 19 0 16 19 0 38 19 0 39 19 0 0 20 1 1 20 0 2 20 0 3 20 0 4 20 0 5 20 0 6 20 0 7 20 2 8 20 0 9 20 2 10 20 0 11 20 3 12 20 0 13 20 0 14 20 0 15 20 2 16 20 0 39 20 0 0 21 0 1 21 1 2 21 0 3 21 0 4 21 0 5 21 0 10 21 0 11 21 0 12 21 0 13 21 0 14 21 2 15 21 0 11 22 3 12 22 0 11 23 0 11 24 0 12 24 0 
 --- Bot used 67 milliseconds ---
-----------------------------------------------------------------------------
 --- Frame #83 ---
2 9 4 3 9 0 8 9 1 9 9 0 0 10 0 1 10 0 2 10 4 3 10 0 4 10 0 5 10 0 6 10 1 7 10 0 8 10 0 9 10 0 0 11 4 1 11 1 2 11 4 3 11 0 4 11 1 5 11 1 6 11 0 7 11 0 8 11 2 9 11 2 39 11 4 1 12 1 2 12 4 3 12 0 4 12 0 5 12 0 6 12 0 7 12 0 8 12 0 9 12 0 10 12 0 1 13 1 2 13 4 3 13 0 4 13 0 5 13 0 6 13 0 7 13 0 8 13 0 9 13 0 10 13 0 11 13 0 1 14 0 2 14 4 3 14 0 4 14 0 5 14 0 6 14 1 7 14 0 8 14 0 9 14 0 10 14 0 11 14 0 1 15 1 2 15 0 3 15 0 4 15 0 5 15 1 6 15 0 7 15 1 8 15 0 9 15 0 10 15 0 11 15 0 12 15 0 1 16 0 2 16 0 3 16 0 4 16 1 5 16 0 6 16 1 7 16 0 8 16 0 9 16 0 10 16 1 11 16 1 12 16 0 13 16 0 14 16 0 0 17 0 1 17 0 2 17 4 3 17 0 4 17 0 5 17 0 6 17 0 7 17 0 8 17 0 9 17 0 10 17 0 11 17 1 12 17 1 13 17 1 14 17 0 39 17 0 0 18 0 1 18 0 2 18 4 3 18 0 4 18 0 5 18 0 6 18 0 7 18 0 8 18 0 9 18 0 10 18 0 11 18 0 12 18 0 13 18 0 14 18 0 15 18 0 37 18 0 38 18 0 39 18 0 0 19 1 1 19 0 2 19 0 3 19 0 4 19 0 5 19 0 6 19 0 7 19 0 8 19 1 9 19 0 10 19 0 11 19 0 12 19 0 13 19 0 14 19 0 15 19 0 16 19 0 38 19 0 39 19 0 0 20 0 1 20 1 2 20 0 3 20 0 4 20 1 5 20 0 6 20 0 7 20 0 8 20 2 9 20 0 10 20 2 11 20 0 12 20 0 13 20 0 14 20 0 15 20 0 16 20 2 39 20 0 0 21 0 1 21 0 2 21 0 3 21 0 4 21 0 5 21 0 10 21 0 11 21 3 12 21 0 13 21 0 14 21 0 15 21 2 11 22 0 12 22 0 11 23 3 11 24 0 12 24 0 
 --- Bot used 92 milliseconds ---
-----------------------------------------------------------------------------
 --- Frame #84 ---
8 8 4 1 9 0 2 9 0 3 9 0 6 9 4 8 9 0 9 9 0 0 10 0 1 10 4 2 10 0 3 10 0 4 10 1 5 10 1 6 10 0 7 10 0 8 10 0 9 10 0 0 11 0 1 11 4 2 11 0 3 11 0 4 11 0 5 11 0 6 11 0 7 11 0 8 11 0 9 11 1 10 11 1 38 11 4 39 11 1 1 12 1 2 12 0 3 12 0 4 12 0 5 12 0 6 12 0 7 12 0 8 12 0 9 12 0 10 12 0 1 13 1 2 13 0 3 13 0 4 13 0 5 13 0 6 13 4 7 13 0 8 13 0 9 13 0 10 13 0 11 13 0 1 14 1 2 14 0 3 14 0 4 14 0 5 14 1 6 14 0 7 14 2 8 14 0 9 14 0 10 14 0 11 14 0 1 15 0 2 15 0 3 15 0 4 15 1 5 15 0 6 15 4 7 15 0 8 15 0 9 15 0 10 15 1 11 15 1 12 15 0 1 16 0 2 16 0 3 16 1 4 16 0 5 16 0 6 16 0 7 16 0 8 16 0 9 16 0 10 16 0 11 16 1 12 16 1 13 16 1 14 16 0 0 17 0 1 17 1 2 17 0 3 17 0 4 17 0 5 17 0 6 17 0 7 17 0 8 17 0 9 17 0 10 17 0 11 17 0 12 17 0 13 17 0 14 17 0 39 17 0 0 18 1 1 18 1 2 18 0 3 18 0 4 18 0 5 18 0 6 18 0 7 18 0 8 18 1 9 18 1 10 18 0 11 18 0 12 18 0 13 18 0 14 18 0 15 18 0 37 18 2 38 18 0 39 18 0 0 19 0 1 19 1 2 19 0 3 19 0 4 19 1 5 19 0 6 19 0 7 19 0 8 19 0 9 19 1 10 19 0 11 19 0 12 19 0 13 19 0 14 19 0 15 19 0 16 19 0 38 19 0 39 19 0 0 20 0 1 20 0 2 20 0 3 20 0 4 20 0 5 20 0 6 20 0 7 20 0 8 20 0 9 20 2 10 20 0 11 20 3 12 20 0 13 20 0 14 20 2 15 20 0 16 20 0 17 20 0 39 20 0 0 21 0 1 21 0 2 21 0 3 21 0 4 21 0 5 21 0 10 21 0 11 21 0 12 21 0 13 21 0 14 21 0 15 21 0 16 21 2 11 22 3 12 22 0 11 23 0 11 24 3 12 24 0 
 --- Bot used 107 milliseconds ---
-----------------------------------------------------------------------------
 --- Frame #85 ---
7 8 4 8 8 0 1 9 0 2 9 0 3 9 0 4 9 1 5 9 1 6 9 0 8 9 0 9 9 0 0 10 1 1 10 0 2 10 0 3 10 0 4 10 0 5 10 0 6 10 0 7 10 0 8 10 0 9 10 1 10 10 0 39 10 4 0 11 1 1 11 4 2 11 0 3 11 0 4 11 0 5 11 0 6 11 0 7 11 0 8 11 0 9 11 0 10 11 0 37 11 4 38 11 0 39 11 0 1 12 1 2 12 0 3 12 0 4 12 1 5 12 0 6 12 0 7 12 0 8 12 0 9 12 0 10 12 0 1 13 1 2 13 0 3 13 0 4 13 0 5 13 1 6 13 0 7 13 0 8 13 0 9 13 0 10 13 0 11 13 0 1 14 0 2 14 0 3 14 0 4 14 1 5 14 0 6 14 0 7 14 0 8 14 2 9 14 0 10 14 2 11 14 2 1 15 0 2 15 0 3 15 1 4 15 0 5 15 1 6 15 0 7 15 0 8 15 0 9 15 0 10 15 0 11 15 1 12 15 1 13 15 0 1 16 1 2 16 0 3 16 0 4 16 0 5 16 0 6 16 0 7 16 0 8 16 0 9 16 0 10 16 0 11 16 0 12 16 0 13 16 0 14 16 0 0 17 2 1 17 1 2 17 0 3 17 0 4 17 0 5 17 0 6 17 0 7 17 0 8 17 1 9 17 1 10 17 0 11 17 0 12 17 0 13 17 0 14 17 0 39 17 0 0 18 0 1 18 1 2 18 0 3 18 0 4 18 1 5 18 0 6 18 0 7 18 0 8 18 0 9 18 1 10 18 0 11 18 0 12 18 0 13 18 0 14 18 0 15 18 0 37 18 0 38 18 2 39 18 0 0 19 0 1 19 0 2 19 0 3 19 0 4 19 0 5 19 0 6 19 0 7 19 0 8 19 0 9 19 0 10 19 0 11 19 0 12 19 0 13 19 0 14 19 1 15 19 0 16 19 0 38 19 0 39 19 1 0 20 0 1 20 0 2 20 0 3 20 0 4 20 0 5 20 0 6 20 0 7 20 0 8 20 0 9 20 0 10 20 2 11 20 0 12 20 0 13 20 0 14 20 0 15 20 3 16 20 0 17 20 0 39 20 0 0 21 0 1 21 0 2 21 0 3 21 0 4 21 0 5 21 0 10 21 0 11 21 2 12 21 0 13 21 0 14 21 0 15 21 0 16 21 0 17 21 0 11 22 0 12 22 0 11 23 3 11 24 0 12 24 0 11 25 0 
 --- Bot used 214 milliseconds ---
-----------------------------------------------------------------------------
 --- Frame #86 ---
4 8 0 5 8 1 6 8 1 7 8 0 8 8 0 0 9 4 1 9 0 2 9 0 3 9 0 4 9 0 5 9 0 6 9 0 8 9 0 9 9 2 0 10 4 1 10 0 2 10 0 3 10 0 4 10 0 5 10 0 6 10 0 7 10 0 8 10 0 9 10 0 10 10 0 38 10 4 39 10 0 0 11 4 1 11 1 2 11 0 3 11 0 4 11 4 5 11 0 6 11 0 7 11 0 8 11 0 9 11 0 10 11 0 36 11 0 37 11 0 38 11 0 39 11 0 1 12 1 2 12 0 3 12 0 4 12 0 5 12 1 6 12 0 7 12 0 8 12 0 9 12 0 10 12 0 1 13 0 2 13 0 3 13 0 4 13 4 5 13 0 6 13 0 7 13 0 8 13 0 9 13 0 10 13 0 11 13 0 1 14 0 2 14 0 3 14 1 4 14 0 5 14 1 6 14 0 7 14 0 8 14 0 9 14 1 10 14 0 11 14 1 12 14 0 1 15 1 2 15 0 3 15 0 4 15 0 5 15 0 6 15 0 7 15 0 8 15 0 9 15 0 10 15 0 11 15 0 12 15 0 13 15 0 1 16 1 2 16 0 3 16 0 4 16 0 5 16 0 6 16 0 7 16 0 8 16 1 9 16 1 10 16 0 11 16 0 12 16 0 13 16 0 14 16 0 0 17 0 1 17 1 2 17 0 3 17 0 4 17 4 5 17 0 6 17 0 7 17 0 8 17 0 9 17 2 10 17 0 11 17 0 12 17 0 13 17 0 14 17 0 39 17 0 0 18 0 1 18 0 2 18 0 3 18 0 4 18 0 5 18 0 6 18 0 7 18 0 8 18 0 9 18 0 10 18 0 11 18 0 12 18 0 13 18 0 14 18 1 15 18 0 37 18 0 38 18 0 39 18 1 0 19 0 1 19 0 2 19 0 3 19 0 4 19 0 5 19 0 6 19 0 7 19 1 8 19 0 9 19 0 10 19 0 11 19 0 12 19 0 13 19 0 14 19 0 15 19 0 16 19 0 38 19 0 39 19 0 0 20 0 1 20 0 2 20 0 3 20 0 4 20 0 5 20 0 6 20 0 7 20 0 8 20 0 9 20 0 10 20 0 11 20 2 12 20 2 13 20 0 14 20 0 15 20 0 16 20 0 17 20 0 39 20 1 0 21 0 1 21 0 2 21 0 3 21 0 4 21 0 5 21 0 10 21 0 11 21 0 12 21 2 13 21 0 14 21 0 15 21 0 16 21 0 17 21 0 11 22 0 12 22 0 11 23 0 11 24 2 12 24 0 11 25 0 
 --- Bot used 345 milliseconds ---
-----------------------------------------------------------------------------
 --- Frame #87 ---
5 7 4 6 7 1 4 8 4 5 8 0 6 8 0 7 8 0 8 8 0 0 9 0 1 9 0 2 9 0 3 9 0 4 9 0 5 9 0 6 9 0 8 9 0 9 9 0 10 9 2 39 9 4 0 10 0 1 10 1 2 10 0 3 10 0 4 10 0 5 10 0 6 10 0 7 10 0 8 10 0 9 10 0 10 10 0 37 10 4 38 10 0 39 10 4 0 11 0 1 11 1 2 11 0 3 11 1 4 11 0 5 11 4 6 11 0 7 11 0 8 11 0 9 11 0 10 11 0 36 11 0 37 11 0 38 11 0 39 11 4 1 12 0 2 12 0 3 12 0 4 12 0 5 12 0 6 12 0 7 12 2 8 12 0 9 12 0 10 12 0 1 13 0 2 13 0 3 13 1 4 13 0 5 13 4 6 13 0 7 13 0 8 13 0 9 13 1 10 13 0 11 13 1 1 14 1 2 14 0 3 14 0 4 14 0 5 14 0 6 14 0 7 14 0 8 14 0 9 14 0 10 14 0 11 14 0 12 14 0 1 15 1 2 15 0 3 15 0 4 15 0 5 15 0 6 15 0 7 15 0 8 15 1 9 15 1 10 15 0 11 15 0 12 15 0 13 15 0 1 16 1 2 16 1 3 16 0 4 16 0 5 16 0 6 16 0 7 16 0 8 16 0 9 16 0 10 16 0 11 16 0 12 16 0 13 16 0 14 16 0 0 17 0 1 17 0 2 17 0 3 17 1 4 17 0 5 17 2 6 17 0 7 17 0 8 17 0 9 17 0 10 17 2 11 17 0 12 17 0 13 17 0 14 17 2 39 17 2 0 18 0 1 18 0 2 18 0 3 18 0 4 18 0 5 18 1 6 18 0 7 18 1 8 18 0 9 18 0 10 18 0 11 18 0 12 18 0 13 18 0 14 18 0 15 18 0 37 18 0 38 18 0 39 18 0 0 19 0 1 19 0 2 19 0 3 19 0 4 19 0 5 19 1 6 19 1 7 19 0 8 19 0 9 19 0 10 19 1 11 19 1 12 19 1 13 19 0 14 19 0 15 19 0 16 19 0 38 19 0 39 19 1 0 20 0 1 20 0 2 20 0 3 20 0 4 20 0 5 20 0 6 20 0 7 20 0 8 20 0 9 20 0 10 20 0 11 20 0 12 20 2 13 20 2 14 20 0 15 20 0 16 20 0 17 20 0 39 20 0 0 21 0 1 21 0 2 21 0 3 21 0 4 21 0 5 21 0 10 21 0 11 21 0 12 21 0 13 21 2 14 21 0 15 21 0 16 21 0 17 21 0 11 22 0 12 22 0 11 23 0 11 24 0 12 24 3 11 25 0 
 --- Bot used 311 milliseconds ---
-----------------------------------------------------------------------------
 --- Frame #88 ---
6 6 4 4 7 1 5 7 0 6 7 0 3 8 0 4 8 0 5 8 0 6 8 0 7 8 0 8 8 0 0 9 0 1 9 1 2 9 1 3 9 0 4 9 0 5 9 0 6 9 0 8 9 0 9 9 0 10 9 0 11 9 3 38 9 4 39 9 0 0 10 0 1 10 1 2 10 0 3 10 4 4 10 0 5 10 0 6 10 0 7 10 0 8 10 0 9 10 0 10 10 0 36 10 1 37 10 0 38 10 4 39 10 0 0 11 0 1 11 0 2 11 0 3 11 0 4 11 4 5 11 0 6 11 0 7 11 2 8 11 0 9 11 0 10 11 0 36 11 3 37 11 0 38 11 3 39 11 0 1 12 0 2 12 0 3 12 4 4 12 0 5 12 0 6 12 0 7 12 0 8 12 1 9 12 1 10 12 1 11 12 1 1 13 1 2 13 0 3 13 0 4 13 4 5 13 0 6 13 0 7 13 2 8 13 0 9 13 0 10 13 0 11 13 0 1 14 1 2 14 0 3 14 0 4 14 0 5 14 0 6 14 0 7 14 0 8 14 1 9 14 1 10 14 0 11 14 0 12 14 0 1 15 1 2 15 1 3 15 0 4 15 0 5 15 0 6 15 0 7 15 0 8 15 0 9 15 0 10 15 0 11 15 0 12 15 0 13 15 0 1 16 0 2 16 0 3 16 4 4 16 0 5 16 1 6 16 0 7 16 0 8 16 0 9 16 0 10 16 0 11 16 0 12 16 0 13 16 0 14 16 0 0 17 2 1 17 0 2 17 0 3 17 0 4 17 0 5 17 1 6 17 1 7 17 1 8 17 0 9 17 0 10 17 0 11 17 1 12 17 0 13 17 0 14 17 0 15 17 1 39 17 0 0 18 0 1 18 0 2 18 0 3 18 4 4 18 0 5 18 2 6 18 2 7 18 0 8 18 0 9 18 0 10 18 2 11 18 2 12 18 2 13 18 2 14 18 0 15 18 0 37 18 0 38 18 0 39 18 1 0 19 0 1 19 0 2 19 0 3 19 0 4 19 0 5 19 0 6 19 0 7 19 0 8 19 0 9 19 0 10 19 0 11 19 0 12 19 0 13 19 1 14 19 0 15 19 0 16 19 0 38 19 1 39 19 0 0 20 0 1 20 0 2 20 0 3 20 0 4 20 0 5 20 0 6 20 0 7 20 0 8 20 0 9 20 0 10 20 0 11 20 0 12 20 0 13 20 2 14 20 2 15 20 0 16 20 0 17 20 0 39 20 0 0 21 0 1 21 0 2 21 0 3 21 0 4 21 0 5 21 0 10 21 0 11 21 0 12 21 0 13 21 0 14 21 2 15 21 0 16 21 0 17 21 0 11 22 0 12 22 0 11 23 0 11 24 0 12 24 0 11 25 0 12 25 0 
 --- Bot used 548 milliseconds ---
-----------------------------------------------------------------------------
 --- Frame #89 ---
4 6 1 5 6 1 6 6 0 4 7 0 5 7 0 6 7 0 1 8 4 2 8 0 3 8 0 4 8 0 5 8 0 6 8 0 7 8 0 8 8 0 0 9 0 1 9 4 2 9 0 3 9 0 4 9 0 5 9 0 6 9 0 8 9 0 9 9 0 10 9 0 11 9 0 36 9 0 37 9 1 38 9 0 39 9 0 0 10 0 1 10 0 2 10 4 3 10 0 4 10 0 5 10 0 6 10 0 7 10 2 8 10 0 9 10 0 10 10 2 11 10 3 36 10 0 37 10 1 38 10 0 39 10 0 0 11 0 1 11 0 2 11 0 3 11 4 4 11 0 5 11 0 6 11 0 7 11 0 8 11 1 9 11 2 10 11 2 11 11 0 36 11 0 37 11 0 38 11 0 39 11 0 1 12 1 2 12 4 3 12 0 4 12 0 5 12 0 6 12 0 7 12 0 8 12 0 9 12 0 10 12 0 11 12 0 36 12 0 38 12 4 1 13 1 2 13 0 3 13 4 4 13 0 5 13 0 6 13 0 7 13 0 8 13 2 9 13 2 10 13 2 11 13 0 1 14 1 2 14 4 3 14 0 4 14 0 5 14 0 6 14 0 7 14 0 8 14 0 9 14 0 10 14 0 11 14 0 12 14 0 1 15 0 2 15 0 3 15 0 4 15 0 5 15 1 6 15 0 7 15 0 8 15 0 9 15 0 10 15 0 11 15 0 12 15 0 13 15 0 1 16 0 2 16 4 3 16 0 4 16 1 5 16 1 6 16 1 7 16 1 8 16 0 9 16 0 10 16 0 11 16 1 12 16 0 13 16 0 14 16 0 15 16 0 0 17 0 1 17 1 2 17 0 3 17 0 4 17 0 5 17 0 6 17 0 7 17 0 8 17 0 9 17 0 10 17 0 11 17 0 12 17 1 13 17 1 14 17 0 15 17 0 39 17 2 0 18 0 1 18 0 2 18 4 3 18 0 4 18 0 5 18 0 6 18 2 7 18 2 8 18 0 9 18 0 10 18 0 11 18 2 12 18 2 13 18 2 14 18 2 15 18 0 37 18 0 38 18 2 39 18 0 0 19 0 1 19 0 2 19 0 3 19 4 4 19 0 5 19 0 6 19 0 7 19 0 8 19 0 9 19 0 10 19 0 11 19 0 12 19 0 13 19 0 14 19 0 15 19 0 16 19 0 38 19 0 39 19 0 0 20 0 1 20 0 2 20 0 3 20 0 4 20 0 5 20 0 6 20 0 7 20 0 8 20 0 9 20 0 10 20 0 11 20 0 12 20 0 13 20 0 14 20 2 15 20 3 16 20 0 17 20 0 39 20 0 0 21 0 1 21 0 2 21 0 3 21 0 4 21 0 5 21 0 10 21 0 11 21 0 12 21 0 13 21 0 14 21 0 15 21 3 16 21 0 17 21 0 11 22 0 12 22 0 11 23 0 11 24 0 12 24 0 11 25 0 12 25 0 
 --- Bot used 426 milliseconds ---
-----------------------------------------------------------------------------
 --- Frame #90 ---
4 5 4 5 5 1 4 6 0 5 6 0 6 6 0 4 7 0 5 7 0 6 7 0 0 8 4 1 8 0 2 8 0 3 8 0 4 8 0 5 8 0 6 8 0 7 8 0 8 8 0 37 8 1 0 9 4 1 9 0 2 9 0 3 9 0 4 9 0 5 9 0 6 9 0 8 9 0 9 9 0 10 9 0 11 9 0 36 9 0 37 9 1 38 9 0 39 9 0 0 10 0 1 10 1 2 10 0 3 10 0 4 10 0 5 10 0 6 10 0 7 10 0 8 10 1 9 10 0 10 10 0 11 10 3 36 10 0 37 10 0 38 10 0 39 10 0 0 11 0 1 11 1 2 11 4 3 11 0 4 11 0 5 11 0 6 11 0 7 11 0 8 11 0 9 11 0 10 11 2 11 11 2 36 11 0 37 11 0 38 11 0 39 11 0 1 12 1 2 12 0 3 12 0 4 12 0 5 12 0 6 12 0 7 12 0 8 12 0 9 12 0 10 12 0 11 12 0 36 12 0 37 12 3 38 12 0 1 13 1 2 13 4 3 13 0 4 13 0 5 13 0 6 13 0 7 13 0 8 13 0 9 13 2 10 13 2 11 13 0 1 14 1 2 14 0 3 14 0 4 14 0 5 14 1 6 14 1 7 14 0 8 14 0 9 14 0 10 14 0 11 14 0 12 14 0 1 15 0 2 15 0 3 15 0 4 15 1 5 15 1 6 15 1 7 15 1 8 15 0 9 15 0 10 15 0 11 15 1 12 15 0 13 15 0 1 16 1 2 16 0 3 16 0 4 16 0 5 16 0 6 16 0 7 16 0 8 16 0 9 16 0 10 16 0 11 16 0 12 16 1 13 16 1 14 16 0 15 16 0 0 17 2 1 17 0 2 17 4 3 17 0 4 17 0 5 17 0 6 17 0 7 17 0 8 17 0 9 17 0 10 17 0 11 17 0 12 17 0 13 17 0 14 17 0 15 17 0 39 17 0 0 18 0 1 18 1 2 18 0 3 18 0 4 18 0 5 18 0 6 18 0 7 18 2 8 18 2 9 18 0 10 18 0 11 18 0 12 18 2 13 18 2 14 18 2 15 18 2 37 18 0 38 18 0 39 18 1 0 19 0 1 19 0 2 19 4 3 19 0 4 19 0 5 19 0 6 19 0 7 19 0 8 19 0 9 19 0 10 19 0 11 19 0 12 19 0 13 19 0 14 19 0 15 19 0 16 19 0 38 19 0 39 19 0 0 20 0 1 20 0 2 20 0 3 20 0 4 20 0 5 20 2 6 20 0 7 20 0 8 20 0 9 20 0 10 20 0 11 20 0 12 20 0 13 20 0 14 20 0 15 20 1 16 20 0 17 20 0 39 20 0 0 21 0 1 21 0 2 21 0 3 21 0 4 21 0 5 21 0 10 21 0 11 21 0 12 21 0 13 21 0 14 21 0 15 21 2 16 21 0 17 21 0 11 22 0 12 22 0 15 22 2 11 23 0 11 24 0 12 24 0 11 25 0 12 25 0 
 --- Bot used 363 milliseconds ---
-----------------------------------------------------------------------------
 --- Frame #91 ---
5 4 0 3 5 1 4 5 0 5 5 0 4 6 0 5 6 0 6 6 0 4 7 0 5 7 0 6 7 0 37 7 1 0 8 0 1 8 0 2 8 0 3 8 0 4 8 0 5 8 0 6 8 0 7 8 0 8 8 0 37 8 2 39 8 4 0 9 0 1 9 1 2 9 0 3 9 0 4 9 0 5 9 0 6 9 0 8 9 1 9 9 0 10 9 0 11 9 0 36 9 0 37 9 0 38 9 0 39 9 4 0 10 0 1 10 1 2 10 0 3 10 0 4 10 0 5 10 0 6 10 0 7 10 0 8 10 0 9 10 0 10 10 0 11 10 0 36 10 0 37 10 0 38 10 0 39 10 0 0 11 0 1 11 1 2 11 0 3 11 0 4 11 0 5 11 0 6 11 0 7 11 0 8 11 0 9 11 0 10 11 0 11 11 2 12 11 2 36 11 0 37 11 0 38 11 0 39 11 0 1 12 1 2 12 0 3 12 0 4 12 0 5 12 0 6 12 1 7 12 0 8 12 0 9 12 0 10 12 0 11 12 0 36 12 3 37 12 0 38 12 0 1 13 1 2 13 0 3 13 0 4 13 0 5 13 2 6 13 2 7 13 0 8 13 0 9 13 0 10 13 2 11 13 2 37 13 4 1 14 0 2 14 0 3 14 0 4 14 1 5 14 1 6 14 1 7 14 1 8 14 0 9 14 0 10 14 0 11 14 1 12 14 0 1 15 1 2 15 0 3 15 0 4 15 0 5 15 0 6 15 0 7 15 0 8 15 0 9 15 0 10 15 0 11 15 0 12 15 1 13 15 1 1 16 0 2 16 0 3 16 0 4 16 0 5 16 0 6 16 0 7 16 0 8 16 0 9 16 0 10 16 0 11 16 0 12 16 0 13 16 0 14 16 0 15 16 0 0 17 0 1 17 1 2 17 0 3 17 0 4 17 0 5 17 0 6 17 0 7 17 0 8 17 0 9 17 0 10 17 0 11 17 0 12 17 0 13 17 0 14 17 0 15 17 0 39 17 2 0 18 0 1 18 0 2 18 0 3 18 0 4 18 0 5 18 0 6 18 0 7 18 0 8 18 1 9 18 1 10 18 0 11 18 0 12 18 0 13 18 1 14 18 1 15 18 1 16 18 0 37 18 0 38 18 0 39 18 0 0 19 0 1 19 1 2 19 0 3 19 0 4 19 0 5 19 0 6 19 0 7 19 0 8 19 2 9 19 0 10 19 0 11 19 0 12 19 0 13 19 0 14 19 0 15 19 2 16 19 0 38 19 0 39 19 0 0 20 0 1 20 0 2 20 0 3 20 0 4 20 0 5 20 0 6 20 2 7 20 0 8 20 0 9 20 0 10 20 0 11 20 0 12 20 0 13 20 0 14 20 0 15 20 0 16 20 0 17 20 0 39 20 0 0 21 0 1 21 0 2 21 0 3 21 0 4 21 0 5 21 0 10 21 0 11 21 0 12 21 0 13 21 0 14 21 0 15 21 0 16 21 2 17 21 0 11 22 0 12 22 0 15 22 0 16 22 0 11 23 0 11 24 0 12 24 0 11 25 0 12 25 0 
 --- Bot used 415 milliseconds ---
-----------------------------------------------------------------------------
 --- Frame #92 ---
3 4 4 5 4 0 3 5 0 4 5 0 5 5 0 4 6 0 5 6 0 6 6 0 37 6 0 4 7 0 5 7 0 6 7 0 37 7 0 0 8 0 1 8 1 2 8 0 3 8 0 4 8 0 5 8 0 6 8 0 7 8 0 8 8 1 37 8 0 38 8 1 39 8 0 0 9 0 1 9 1 2 9 0 3 9 0 4 9 0 5 9 0 6 9 0 8 9 0 9 9 0 10 9 0 11 9 0 36 9 0 37 9 0 38 9 1 39 9 0 0 10 0 1 10 1 2 10 0 3 10 0 4 10 0 5 10 0 6 10 0 7 10 0 8 10 0 9 10 0 10 10 0 11 10 0 36 10 0 37 10 0 38 10 0 39 10 0 0 11 0 1 11 1 2 11 0 3 11 0 4 11 0 5 11 0 6 11 1 7 11 0 8 11 0 9 11 0 10 11 0 11 11 0 12 11 3 13 11 1 36 11 0 37 11 0 38 11 0 39 11 0 1 12 1 2 12 0 3 12 0 4 12 0 5 12 0 6 12 0 7 12 0 8 12 0 9 12 0 10 12 0 11 12 0 36 12 0 37 12 0 38 12 0 1 13 0 2 13 0 3 13 0 4 13 4 5 13 1 6 13 1 7 13 1 8 13 0 9 13 0 10 13 0 11 13 1 12 13 0 36 13 4 37 13 0 1 14 1 2 14 0 3 14 0 4 14 0 5 14 0 6 14 0 7 14 0 8 14 0 9 14 0 10 14 0 11 14 0 12 14 1 13 14 0 1 15 0 2 15 0 3 15 4 4 15 0 5 15 0 6 15 0 7 15 0 8 15 0 9 15 0 10 15 0 11 15 0 12 15 0 13 15 0 1 16 1 2 16 0 3 16 0 4 16 0 5 16 0 6 16 0 7 16 0 8 16 0 9 16 0 10 16 0 11 16 0 12 16 0 13 16 0 14 16 0 15 16 0 0 17 2 1 17 0 2 17 0 3 17 0 4 17 1 5 17 0 6 17 0 7 17 0 8 17 1 9 17 1 10 17 0 11 17 0 12 17 0 13 17 1 14 17 1 15 17 2 39 17 0 0 18 0 1 18 1 2 18 0 3 18 0 4 18 1 5 18 0 6 18 0 7 18 0 8 18 0 9 18 0 10 18 0 11 18 0 12 18 0 13 18 0 14 18 0 15 18 0 16 18 0 37 18 0 38 18 0 39 18 0 0 19 0 1 19 0 2 19 0 3 19 0 4 19 2 5 19 0 6 19 0 7 19 0 8 19 0 9 19 2 10 19 0 11 19 0 12 19 0 13 19 0 14 19 0 15 19 0 16 19 2 38 19 0 39 19 0 0 20 0 1 20 0 2 20 0 3 20 2 4 20 0 5 20 0 6 20 0 7 20 2 8 20 0 9 20 0 10 20 0 11 20 0 12 20 0 13 20 0 14 20 0 15 20 0 16 20 0 17 20 0 39 20 0 0 21 0 1 21 0 2 21 0 3 21 0 4 21 0 5 21 1 10 21 2 11 21 0 12 21 0 13 21 0 14 21 0 15 21 0 16 21 0 17 21 2 11 22 0 12 22 0 15 22 0 16 22 0 11 23 0 11 24 0 12 24 0 11 25 0 12 25 0 
 --- Bot used 328 milliseconds ---
-----------------------------------------------------------------------------
 --- Frame #93 ---
2 4 4 3 4 0 5 4 4 3 5 0 4 5 0 5 5 0 4 6 0 5 6 0 6 6 0 37 6 0 1 7 4 4 7 0 5 7 0 6 7 2 8 7 4 37 7 0 38 7 1 0 8 0 1 8 4 2 8 0 3 8 0 4 8 0 5 8 0 6 8 0 7 8 0 8 8 0 37 8 0 38 8 1 39 8 0 0 9 0 1 9 4 2 9 0 3 9 0 4 9 0 5 9 0 6 9 0 8 9 0 9 9 0 10 9 0 11 9 0 36 9 0 37 9 0 38 9 0 39 9 0 0 10 0 1 10 4 2 10 0 3 10 0 4 10 0 5 10 0 6 10 1 7 10 0 8 10 0 9 10 4 10 10 0 11 10 0 13 10 2 36 10 0 37 10 0 38 10 0 39 10 0 0 11 0 1 11 4 2 11 0 3 11 0 4 11 0 5 11 0 6 11 0 7 11 0 8 11 0 9 11 0 10 11 0 11 11 0 12 11 0 13 11 0 36 11 0 37 11 4 38 11 0 39 11 0 1 12 0 2 12 0 3 12 0 4 12 0 5 12 1 6 12 1 7 12 2 8 12 0 9 12 0 10 12 0 11 12 2 12 12 2 36 12 0 37 12 0 38 12 0 1 13 1 2 13 0 3 13 4 4 13 0 5 13 0 6 13 0 7 13 0 8 13 0 9 13 0 10 13 0 11 13 0 12 13 2 35 13 3 36 13 0 37 13 0 1 14 0 2 14 0 3 14 4 4 14 0 5 14 0 6 14 0 7 14 0 8 14 0 9 14 0 10 14 0 11 14 0 12 14 0 13 14 0 1 15 1 2 15 4 3 15 0 4 15 0 5 15 0 6 15 0 7 15 0 8 15 0 9 15 0 10 15 0 11 15 0 12 15 0 13 15 0 1 16 0 2 16 0 3 16 0 4 16 1 5 16 0 6 16 0 7 16 0 8 16 1 9 16 1 10 16 0 11 16 0 12 16 0 13 16 1 14 16 1 15 16 0 0 17 0 1 17 1 2 17 0 3 17 4 4 17 1 5 17 0 6 17 0 7 17 0 8 17 0 9 17 0 10 17 0 11 17 0 12 17 0 13 17 0 14 17 0 15 17 0 16 17 1 39 17 0 0 18 0 1 18 0 2 18 0 3 18 0 4 18 0 5 18 0 6 18 0 7 18 0 8 18 0 9 18 0 10 18 0 11 18 0 12 18 0 13 18 0 14 18 0 15 18 0 16 18 0 37 18 0 38 18 0 39 18 0 0 19 0 1 19 0 2 19 0 3 19 0 4 19 0 5 19 1 6 19 0 7 19 1 8 19 0 9 19 0 10 19 1 11 19 1 12 19 1 13 19 0 14 19 0 15 19 0 16 19 0 17 19 0 38 19 0 39 19 0 0 20 0 1 20 0 2 20 0 3 20 0 4 20 2 5 20 2 6 20 0 7 20 0 8 20 2 9 20 0 10 20 0 11 20 0 12 20 0 13 20 0 14 20 0 15 20 0 16 20 2 17 20 2 39 20 0 0 21 0 1 21 0 2 21 0 3 21 0 4 21 1 5 21 0 10 21 0 11 21 3 12 21 0 13 21 0 14 21 0 15 21 0 16 21 0 17 21 0 18 21 1 11 22 0 12 22 4 15 22 0 16 22 0 11 23 0 11 24 0 12 24 0 11 25 0 12 25 0 
 --- Bot used 401 milliseconds ---
-----------------------------------------------------------------------------
 --- Frame #94 ---
1 4 4 2 4 0 3 4 0 4 4 0 5 4 0 3 5 0 4 5 0 5 5 0 4 6 0 5 6 0 6 6 1 37 6 0 38 6 1 0 7 4 1 7 0 4 7 0 5 7 1 6 7 0 7 7 1 8 7 0 37 7 0 38 7 2 0 8 4 1 8 0 2 8 0 3 8 0 4 8 0 5 8 0 6 8 0 7 8 0 8 8 0 37 8 0 38 8 0 39 8 0 0 9 4 1 9 0 2 9 0 3 9 4 4 9 0 5 9 0 6 9 1 8 9 0 9 9 0 10 9 0 11 9 0 36 9 0 37 9 0 38 9 0 39 9 0 0 10 4 1 10 0 2 10 0 3 10 0 4 10 1 5 10 1 6 10 0 7 10 0 8 10 1 9 10 0 10 10 0 11 10 0 13 10 0 14 10 0 36 10 0 37 10 0 38 10 0 39 10 0 0 11 4 1 11 0 2 11 0 3 11 0 4 11 0 5 11 1 6 11 1 7 11 0 8 11 0 9 11 0 10 11 0 11 11 0 12 11 0 13 11 0 36 11 3 37 11 0 38 11 0 39 11 0 1 12 1 2 12 0 3 12 0 4 12 0 5 12 0 6 12 0 7 12 0 8 12 1 9 12 0 10 12 0 11 12 0 12 12 2 13 12 0 36 12 0 37 12 0 38 12 0 1 13 0 2 13 4 3 13 0 4 13 0 5 13 0 6 13 0 7 13 0 8 13 0 9 13 0 10 13 0 11 13 0 12 13 0 13 13 2 35 13 0 36 13 0 37 13 0 1 14 1 2 14 4 3 14 0 4 14 0 5 14 0 6 14 0 7 14 0 8 14 0 9 14 0 10 14 0 11 14 0 12 14 0 13 14 0 35 14 4 1 15 1 2 15 0 3 15 0 4 15 1 5 15 0 6 15 0 7 15 0 8 15 1 9 15 1 10 15 0 11 15 0 12 15 0 13 15 1 14 15 0 1 16 1 2 16 0 3 16 4 4 16 1 5 16 0 6 16 0 7 16 0 8 16 0 9 16 0 10 16 0 11 16 0 12 16 0 13 16 0 14 16 0 15 16 0 16 16 0 0 17 0 1 17 0 2 17 4 3 17 0 4 17 0 5 17 1 6 17 0 7 17 0 8 17 0 9 17 0 10 17 0 11 17 0 12 17 0 13 17 0 14 17 0 15 17 0 16 17 0 39 17 0 0 18 0 1 18 0 2 18 0 3 18 2 4 18 0 5 18 2 6 18 0 7 18 2 8 18 0 9 18 0 10 18 2 11 18 2 12 18 2 13 18 0 14 18 0 15 18 0 16 18 0 37 18 0 38 18 0 39 18 0 0 19 0 1 19 0 2 19 0 3 19 0 4 19 0 5 19 0 6 19 1 7 19 0 8 19 0 9 19 0 10 19 0 11 19 0 12 19 0 13 19 0 14 19 0 15 19 0 16 19 0 17 19 0 38 19 0 39 19 0 0 20 0 1 20 0 2 20 0 3 20 0 4 20 2 5 20 2 6 20 2 7 20 0 8 20 0 9 20 2 10 20 0 11 20 3 12 20 4 13 20 0 14 20 0 15 20 0 16 20 0 17 20 1 18 20 1 39 20 0 0 21 0 1 21 0 2 21 0 3 21 1 4 21 0 5 21 0 10 21 0 11 21 0 12 21 0 13 21 0 14 21 0 15 21 0 16 21 0 17 21 0 18 21 0 11 22 3 12 22 0 15 22 0 16 22 0 11 23 0 11 24 0 12 24 0 11 25 0 12 25 0 
 --- Bot used 409 milliseconds ---
-----------------------------------------------------------------------------
 --- Frame #95 ---
0 4 0 1 4 0 2 4 0 3 4 0 4 4 0 5 4 0 3 5 0 4 5 0 5 5 0 6 5 0 38 5 4 4 6 0 5 6 1 6 6 0 7 6 1 37 6 0 38 6 0 0 7 0 1 7 0 4 7 0 5 7 0 6 7 0 7 7 0 8 7 0 37 7 0 38 7 0 39 7 1 0 8 0 1 8 0 2 8 0 3 8 0 4 8 0 5 8 0 6 8 1 7 8 0 8 8 0 37 8 0 38 8 0 39 8 1 0 9 0 1 9 0 2 9 4 3 9 0 4 9 1 5 9 1 6 9 0 8 9 1 9 9 0 10 9 0 11 9 0 36 9 0 37 9 0 38 9 0 39 9 1 0 10 0 1 10 0 2 10 0 3 10 0 4 10 0 5 10 1 6 10 1 7 10 0 8 10 0 9 10 0 10 10 0 11 10 0 13 10 0 14 10 0 36 10 0 37 10 0 38 10 0 39 10 1 0 11 0 1 11 4 2 11 0 3 11 0 4 11 0 5 11 0 6 11 0 7 11 0 8 11 1 9 11 0 10 11 0 11 11 0 12 11 0 13 11 0 36 11 0 37 11 0 38 11 0 39 11 1 1 12 0 2 12 0 3 12 0 4 12 1 5 12 0 6 12 0 7 12 0 8 12 0 9 12 2 10 12 0 11 12 0 12 12 0 13 12 2 36 12 3 37 12 0 38 12 0 1 13 1 2 13 0 3 13 0 4 13 0 5 13 0 6 13 0 7 13 0 8 13 0 9 13 0 10 13 0 11 13 0 12 13 0 13 13 0 14 13 0 35 13 0 36 13 0 37 13 0 1 14 1 2 14 0 3 14 0 4 14 2 5 14 0 6 14 0 7 14 0 8 14 2 9 14 2 10 14 0 11 14 0 12 14 0 13 14 2 34 14 3 35 14 0 1 15 1 2 15 0 3 15 0 4 15 1 5 15 0 6 15 0 7 15 0 8 15 0 9 15 0 10 15 0 11 15 0 12 15 0 13 15 0 14 15 0 1 16 0 2 16 4 3 16 0 4 16 0 5 16 1 6 16 0 7 16 0 8 16 0 9 16 0 10 16 1 11 16 0 12 16 0 13 16 0 14 16 0 15 16 0 16 16 0 0 17 0 1 17 1 2 17 0 3 17 0 4 17 0 5 17 0 6 17 1 7 17 0 8 17 0 9 17 0 10 17 1 11 17 1 12 17 1 13 17 0 14 17 0 15 17 0 16 17 0 39 17 0 0 18 0 1 18 0 2 18 0 3 18 0 4 18 2 5 18 0 6 18 2 7 18 0 8 18 2 9 18 0 10 18 0 11 18 2 12 18 2 13 18 2 14 18 0 15 18 0 16 18 0 37 18 0 38 18 0 39 18 0 0 19 1 1 19 0 2 19 0 3 19 0 4 19 0 5 19 0 6 19 0 7 19 0 8 19 0 9 19 0 10 19 0 11 19 0 12 19 0 13 19 1 14 19 1 15 19 0 16 19 0 17 19 1 18 19 1 38 19 0 39 19 0 0 20 0 1 20 0 2 20 0 3 20 2 4 20 0 5 20 2 6 20 2 7 20 2 8 20 0 9 20 0 10 20 2 11 20 3 12 20 0 13 20 1 14 20 0 15 20 0 16 20 0 17 20 0 18 20 0 39 20 0 0 21 0 1 21 0 2 21 0 3 21 0 4 21 0 5 21 0 10 21 0 11 21 3 12 21 0 13 21 0 14 21 0 15 21 0 16 21 0 17 21 0 18 21 0 11 22 0 12 22 0 15 22 0 16 22 0 11 23 3 11 24 0 12 24 0 11 25 0 12 25 0 
 --- Bot used 280 milliseconds ---
-----------------------------------------------------------------------------
 --- Frame #96 ---
0 4 0 1 4 0 2 4 0 3 4 1 4 4 0 5 4 0 3 5 0 4 5 0 5 5 1 6 5 0 7 5 1 37 5 1 38 5 0 4 6 0 5 6 0 6 6 0 7 6 0 37 6 0 38 6 0 39 6 1 0 7 0 1 7 0 4 7 0 5 7 0 6 7 1 7 7 0 8 7 0 37 7 0 38 7 0 39 7 1 0 8 0 1 8 0 2 8 0 3 8 0 4 8 1 5 8 1 6 8 0 7 8 0 8 8 1 37 8 0 38 8 0 39 8 1 0 9 0 1 9 4 2 9 0 3 9 0 4 9 0 5 9 1 6 9 1 8 9 0 9 9 0 10 9 0 11 9 0 36 9 0 37 9 0 38 9 0 39 9 1 0 10 0 1 10 0 2 10 0 3 10 0 4 10 0 5 10 0 6 10 0 7 10 0 8 10 1 9 10 0 10 10 0 11 10 0 13 10 0 14 10 0 36 10 0 37 10 0 38 10 4 39 10 1 0 11 1 1 11 0 2 11 0 3 11 0 4 11 1 5 11 0 6 11 0 7 11 0 8 11 0 9 11 0 10 11 0 11 11 0 12 11 0 13 11 0 36 11 0 37 11 0 38 11 4 39 11 0 1 12 1 2 12 4 3 12 4 4 12 0 5 12 0 6 12 0 7 12 0 8 12 0 9 12 0 10 12 1 11 12 0 12 12 0 13 12 0 14 12 1 36 12 0 37 12 0 38 12 0 1 13 1 2 13 0 3 13 0 4 13 0 5 13 0 6 13 0 7 13 0 8 13 0 9 13 0 10 13 0 11 13 0 12 13 0 13 13 0 14 13 0 35 13 0 36 13 3 37 13 0 1 14 1 2 14 0 3 14 0 4 14 1 5 14 2 6 14 0 7 14 0 8 14 0 9 14 2 10 14 2 11 14 0 12 14 0 13 14 0 14 14 2 34 14 0 35 14 0 1 15 0 2 15 0 3 15 0 4 15 0 5 15 2 6 15 0 7 15 0 8 15 0 9 15 0 10 15 2 11 15 0 12 15 0 13 15 0 14 15 2 34 15 4 1 16 1 2 16 0 3 16 0 4 16 0 5 16 0 6 16 1 7 16 0 8 16 0 9 16 0 10 16 1 11 16 1 12 16 1 13 16 0 14 16 0 15 16 0 16 16 1 0 17 0 1 17 0 2 17 0 3 17 0 4 17 0 5 17 0 6 17 0 7 17 1 8 17 0 9 17 0 10 17 0 11 17 0 12 17 0 13 17 0 14 17 0 15 17 0 16 17 0 39 17 0 0 18 1 1 18 0 2 18 4 3 18 0 4 18 0 5 18 1 6 18 0 7 18 1 8 18 0 9 18 1 10 18 0 11 18 0 12 18 1 13 18 1 14 18 1 15 18 0 16 18 1 17 18 0 18 18 0 37 18 0 38 18 0 39 18 0 0 19 0 1 19 0 2 19 0 3 19 0 4 19 0 5 19 0 6 19 0 7 19 0 8 19 0 9 19 0 10 19 0 11 19 0 12 19 0 13 19 1 14 19 0 15 19 0 16 19 0 17 19 0 18 19 0 38 19 0 39 19 0 0 20 0 1 20 0 2 20 2 3 20 0 4 20 2 5 20 0 6 20 2 7 20 2 8 20 2 9 20 0 10 20 0 11 20 3 12 20 0 13 20 0 14 20 0 15 20 0 16 20 0 17 20 0 18 20 0 39 20 0 0 21 0 1 21 0 2 21 0 3 21 0 4 21 0 5 21 0 10 21 0 11 21 3 12 21 4 13 21 0 14 21 0 15 21 0 16 21 0 17 21 0 18 21 0 11 22 3 12 22 0 15 22 0 16 22 0 11 23 0 11 24 3 12 24 0 11 25 0 12 25 0 
 --- Bot used 160 milliseconds ---
-----------------------------------------------------------------------------
 --- Frame #97 ---
3 3 0 0 4 0 1 4 0 2 4 1 3 4 0 4 4 0 5 4 1 7 4 4 37 4 0 3 5 0 4 5 0 5 5 0 6 5 0 7 5 0 37 5 0 38 5 0 39 5 1 4 6 0 5 6 0 6 6 1 7 6 0 37 6 0 38 6 0 39 6 2 0 7 0 1 7 0 4 7 1 5 7 1 6 7 0 7 7 0 8 7 1 37 7 0 38 7 0 39 7 1 0 8 0 1 8 0 2 8 0 3 8 0 4 8 0 5 8 1 6 8 1 7 8 1 8 8 0 37 8 0 38 8 0 39 8 1 0 9 1 1 9 0 2 9 0 3 9 0 4 9 0 5 9 0 6 9 0 8 9 1 9 9 0 10 9 0 11 9 0 36 9 0 37 9 0 38 9 0 39 9 1 0 10 1 1 10 0 2 10 4 3 10 0 4 10 1 5 10 0 6 10 0 7 10 0 8 10 0 9 10 0 10 10 0 11 10 0 13 10 0 14 10 0 36 10 0 37 10 4 38 10 0 39 10 0 0 11 0 1 11 4 2 11 0 3 11 4 4 11 0 5 11 0 6 11 0 7 11 0 8 11 0 9 11 4 10 11 2 11 11 0 12 11 0 13 11 0 14 11 2 36 11 0 37 11 4 38 11 0 39 11 0 1 12 1 2 12 4 3 12 0 4 12 0 5 12 0 6 12 0 7 12 0 8 12 0 9 12 0 10 12 0 11 12 0 12 12 0 13 12 0 14 12 0 36 12 0 37 12 0 38 12 0 1 13 1 2 13 0 3 13 0 4 13 1 5 13 0 6 13 0 7 13 0 8 13 0 9 13 0 10 13 0 11 13 0 12 13 0 13 13 0 14 13 0 35 13 0 36 13 0 37 13 0 1 14 0 2 14 0 3 14 0 4 14 0 5 14 0 6 14 1 7 14 0 8 14 0 9 14 0 10 14 1 11 14 1 12 14 0 13 14 0 14 14 0 15 14 0 34 14 0 35 14 0 36 14 3 1 15 1 2 15 0 3 15 0 4 15 0 5 15 0 6 15 1 7 15 0 8 15 0 9 15 0 10 15 1 11 15 1 12 15 1 13 15 0 14 15 0 15 15 1 16 15 0 33 15 3 34 15 0 1 16 0 2 16 0 3 16 0 4 16 0 5 16 0 6 16 0 7 16 2 8 16 0 9 16 0 10 16 0 11 16 0 12 16 0 13 16 0 14 16 0 15 16 2 16 16 0 0 17 2 1 17 0 2 17 0 3 17 0 4 17 0 5 17 2 6 17 0 7 17 2 8 17 0 9 17 2 10 17 0 11 17 0 12 17 2 13 17 2 14 17 2 15 17 0 16 17 2 39 17 0 0 18 0 1 18 1 2 18 0 3 18 0 4 18 0 5 18 0 6 18 0 7 18 0 8 18 0 9 18 0 10 18 0 11 18 0 12 18 0 13 18 1 14 18 0 15 18 0 16 18 0 17 18 0 18 18 0 37 18 0 38 18 0 39 18 0 0 19 0 1 19 0 2 19 0 3 19 2 4 19 0 5 19 0 6 19 0 7 19 0 8 19 0 9 19 0 10 19 0 11 19 0 12 19 0 13 19 0 14 19 0 15 19 0 16 19 0 17 19 0 18 19 0 38 19 0 39 19 0 0 20 0 1 20 0 2 20 0 3 20 2 4 20 0 5 20 2 6 20 0 7 20 2 8 20 2 9 20 2 10 20 0 11 20 0 12 20 0 13 20 0 14 20 0 15 20 0 16 20 0 17 20 0 18 20 0 39 20 0 0 21 0 1 21 0 2 21 0 3 21 0 4 21 0 5 21 0 10 21 0 11 21 3 12 21 0 13 21 2 14 21 0 15 21 0 16 21 0 17 21 0 18 21 0 11 22 3 12 22 0 15 22 0 16 22 0 11 23 3 11 24 0 12 24 0 11 25 4 12 25 0 
 --- Bot used 105 milliseconds ---
-----------------------------------------------------------------------------
 --- Frame #98 ---
2 3 0 3 3 0 5 3 4 0 4 1 1 4 3 2 4 0 3 4 0 4 4 1 5 4 0 6 4 0 7 4 0 37 4 0 39 4 4 3 5 0 4 5 0 5 5 0 6 5 1 7 5 0 37 5 0 38 5 0 39 5 0 0 6 1 4 6 1 5 6 4 6 6 0 7 6 0 8 6 1 37 6 0 38 6 0 39 6 1 0 7 0 1 7 0 4 7 0 5 7 4 6 7 1 7 7 1 8 7 0 37 7 0 38 7 0 39 7 1 0 8 1 1 8 0 2 8 0 3 8 4 4 8 0 5 8 0 6 8 0 7 8 0 8 8 1 37 8 0 38 8 0 39 8 1 0 9 1 1 9 0 2 9 0 3 9 0 4 9 1 5 9 0 6 9 0 8 9 0 9 9 4 10 9 0 11 9 0 36 9 2 37 9 0 38 9 0 39 9 0 0 10 0 1 10 4 2 10 0 3 10 4 4 10 0 5 10 0 6 10 0 7 10 0 8 10 0 9 10 0 10 10 0 11 10 0 13 10 0 14 10 0 36 10 3 37 10 0 38 10 0 39 10 0 0 11 1 1 11 4 2 11 4 3 11 0 4 11 0 5 11 0 6 11 0 7 11 0 8 11 1 9 11 0 10 11 0 11 11 2 12 11 0 13 11 0 14 11 0 15 11 1 36 11 3 37 11 0 38 11 0 39 11 0 1 12 1 2 12 0 3 12 0 4 12 1 5 12 0 6 12 0 7 12 0 8 12 0 9 12 0 10 12 0 11 12 0 12 12 0 13 12 0 14 12 0 36 12 0 37 12 4 38 12 0 1 13 0 2 13 0 3 13 0 4 13 0 5 13 0 6 13 2 7 13 0 8 13 0 9 13 2 10 13 2 11 13 2 12 13 0 13 13 0 14 13 0 35 13 0 36 13 0 37 13 0 1 14 1 2 14 0 3 14 0 4 14 0 5 14 0 6 14 1 7 14 0 8 14 0 9 14 0 10 14 1 11 14 1 12 14 1 13 14 0 14 14 0 15 14 1 34 14 0 35 14 0 36 14 0 1 15 0 2 15 0 3 15 0 4 15 0 5 15 0 6 15 0 7 15 0 8 15 0 9 15 0 10 15 0 11 15 0 12 15 0 13 15 0 14 15 0 15 15 0 16 15 0 33 15 0 34 15 0 36 15 4 1 16 0 2 16 0 3 16 0 4 16 0 5 16 0 6 16 0 7 16 0 8 16 2 9 16 0 10 16 0 11 16 0 12 16 0 13 16 0 14 16 0 15 16 0 16 16 2 33 16 0 0 17 0 1 17 1 2 17 0 3 17 0 4 17 0 5 17 0 6 17 1 7 17 0 8 17 1 9 17 0 10 17 1 11 17 0 12 17 0 13 17 1 14 17 1 15 17 1 16 17 0 17 17 0 39 17 0 0 18 0 1 18 0 2 18 0 3 18 0 4 18 0 5 18 0 6 18 0 7 18 0 8 18 0 9 18 0 10 18 0 11 18 0 12 18 0 13 18 0 14 18 0 15 18 0 16 18 0 17 18 1 18 18 0 37 18 0 38 18 0 39 18 0 0 19 0 1 19 0 2 19 0 3 19 0 4 19 2 5 19 0 6 19 0 7 19 0 8 19 0 9 19 0 10 19 0 11 19 0 12 19 0 13 19 0 14 19 0 15 19 0 16 19 0 17 19 0 18 19 0 38 19 0 39 19 0 0 20 0 1 20 0 2 20 0 3 20 0 4 20 2 5 20 0 6 20 2 7 20 0 8 20 2 9 20 2 10 20 2 11 20 0 12 20 0 13 20 0 14 20 0 15 20 0 16 20 0 17 20 0 18 20 0 39 20 0 0 21 0 1 21 0 2 21 0 3 21 0 4 21 0 5 21 0 10 21 0 11 21 0 12 21 0 13 21 0 14 21 2 15 21 0 16 21 0 17 21 0 18 21 0 11 22 3 12 22 0 15 22 0 16 22 2 11 23 3 11 24 3 12 24 0 10 25 2 11 25 0 12 25 0 
 --- Bot used 205 milliseconds ---
-----------------------------------------------------------------------------
 --- Frame #99 ---
0 3 0 2 3 0 3 3 0 4 3 1 5 3 0 0 4 0 1 4 0 2 4 0 3 4 0 4 4 0 5 4 0 6 4 1 7 4 0 37 4 0 38 4 2 39 4 0 0 5 4 1 5 0 3 5 0 4 5 1 5 5 0 6 5 0 7 5 0 8 5 0 37 5 0 38 5 0 39 5 1 0 6 0 4 6 1 5 6 0 6 6 1 7 6 1 8 6 0 37 6 0 38 6 0 39 6 1 0 7 4 1 7 0 4 7 1 5 7 0 6 7 0 7 7 0 8 7 1 37 7 0 38 7 0 39 7 1 0 8 4 1 8 0 2 8 4 3 8 0 4 8 1 5 8 0 6 8 0 7 8 0 8 8 0 37 8 0 38 8 0 39 8 0 0 9 0 1 9 0 2 9 0 3 9 0 4 9 0 5 9 0 6 9 0 8 9 1 9 9 0 10 9 4 11 9 0 36 9 0 37 9 4 38 9 0 39 9 0 0 10 4 1 10 0 2 10 4 3 10 0 4 10 0 5 10 0 6 10 0 7 10 0 8 10 1 9 10 0 10 10 2 11 10 0 13 10 0 14 10 0 15 10 1 36 10 0 37 10 0 38 10 0 39 10 0 0 11 4 1 11 4 2 11 0 3 11 0 4 11 1 5 11 0 6 11 0 7 11 0 8 11 0 9 11 0 10 11 0 11 11 0 12 11 2 13 11 0 14 11 0 15 11 0 36 11 3 37 11 0 38 11 0 39 11 0 1 12 0 2 12 0 3 12 0 4 12 0 5 12 0 6 12 0 7 12 0 8 12 0 9 12 0 10 12 0 11 12 0 12 12 0 13 12 0 14 12 0 36 12 3 37 12 0 38 12 0 1 13 1 2 13 0 3 13 0 4 13 0 5 13 1 6 13 1 7 13 1 8 13 1 9 13 0 10 13 1 11 13 1 12 13 1 13 13 0 14 13 1 15 13 0 35 13 0 36 13 0 37 13 0 1 14 0 2 14 0 3 14 0 4 14 0 5 14 0 6 14 0 7 14 0 8 14 0 9 14 0 10 14 0 11 14 0 12 14 0 13 14 0 14 14 0 15 14 0 34 14 0 35 14 0 36 14 0 1 15 0 2 15 0 3 15 1 4 15 0 5 15 0 6 15 0 7 15 0 8 15 0 9 15 0 10 15 0 11 15 0 12 15 0 13 15 0 14 15 0 15 15 0 16 15 0 33 15 0 34 15 0 35 15 3 36 15 0 1 16 1 2 16 0 3 16 0 4 16 0 5 16 0 6 16 1 7 16 0 8 16 1 9 16 1 10 16 1 11 16 0 12 16 0 13 16 1 14 16 1 15 16 1 16 16 0 17 16 0 33 16 0 0 17 0 1 17 0 2 17 0 3 17 2 4 17 2 5 17 0 6 17 0 7 17 0 8 17 0 9 17 0 10 17 0 11 17 0 12 17 0 13 17 0 14 17 0 15 17 0 16 17 0 17 17 2 39 17 0 0 18 0 1 18 0 2 18 0 3 18 0 4 18 0 5 18 0 6 18 0 7 18 0 8 18 0 9 18 0 10 18 0 11 18 0 12 18 0 13 18 0 14 18 0 15 18 0 16 18 0 17 18 0 18 18 0 37 18 0 38 18 0 39 18 0 0 19 0 1 19 0 2 19 0 3 19 0 4 19 0 5 19 2 6 19 0 7 19 0 8 19 2 9 19 0 10 19 0 11 19 3 12 19 2 13 19 0 14 19 0 15 19 0 16 19 0 17 19 0 18 19 0 38 19 0 39 19 0 0 20 0 1 20 0 2 20 0 3 20 0 4 20 0 5 20 2 6 20 0 7 20 2 8 20 0 9 20 2 10 20 2 11 20 3 12 20 0 13 20 0 14 20 2 15 20 0 16 20 0 17 20 0 18 20 0 39 20 0 0 21 0 1 21 0 2 21 0 3 21 0 4 21 0 5 21 0 10 21 0 11 21 0 12 21 0 13 21 0 14 21 0 15 21 2 16 21 0 17 21 0 18 21 0 11 22 0 12 22 0 15 22 0 16 22 0 17 22 0 11 23 3 11 24 3 12 24 3 10 25 0 11 25 3 12 25 0 
 --- Bot used 273 milliseconds ---
-----------------------------------------------------------------------------
 --- Frame #100 ---
4 2 4 0 3 0 2 3 0 3 3 0 4 3 0 5 3 0 6 3 1 0 4 0 1 4 0 2 4 3 3 4 0 4 4 4 5 4 0 6 4 0 7 4 0 37 4 0 38 4 0 39 4 1 0 5 0 1 5 0 3 5 4 4 5 4 5 5 0 6 5 1 7 5 1 8 5 0 37 5 0 38 5 0 39 5 1 0 6 0 4 6 4 5 6 0 6 6 0 7 6 0 8 6 2 37 6 0 38 6 0 39 6 2 0 7 0 1 7 1 4 7 4 5 7 0 6 7 0 7 7 0 8 7 0 37 7 0 38 7 0 39 7 4 0 8 0 1 8 1 2 8 0 3 8 0 4 8 0 5 8 0 6 8 0 7 8 0 8 8 2 37 8 0 38 8 0 39 8 4 0 9 0 1 9 0 2 9 0 3 9 0 4 9 0 5 9 0 6 9 0 8 9 4 9 9 1 10 9 0 11 9 0 15 9 0 36 9 1 37 9 0 38 9 0 39 9 0 0 10 0 1 10 4 2 10 0 3 10 0 4 10 4 5 10 0 6 10 0 7 10 1 8 10 0 9 10 0 10 10 0 11 10 2 13 10 0 14 10 0 15 10 0 36 10 0 37 10 0 38 10 0 39 10 3 0 11 3 1 11 0 2 11 0 3 11 0 4 11 0 5 11 0 6 11 0 7 11 1 8 11 0 9 11 0 10 11 0 11 11 0 12 11 0 13 11 4 14 11 0 15 11 0 36 11 0 37 11 0 38 11 0 39 11 3 1 12 4 2 12 0 3 12 0 4 12 0 5 12 4 6 12 1 7 12 1 8 12 4 9 12 0 10 12 1 11 12 1 12 12 1 13 12 0 14 12 2 36 12 4 37 12 0 38 12 2 1 13 0 2 13 0 3 13 4 4 13 0 5 13 0 6 13 0 7 13 0 8 13 0 9 13 0 10 13 0 11 13 0 12 13 0 13 13 0 14 13 0 15 13 0 35 13 4 36 13 4 37 13 2 1 14 0 2 14 0 3 14 4 4 14 0 5 14 0 6 14 0 7 14 0 8 14 0 9 14 0 10 14 0 11 14 0 12 14 0 13 14 0 14 14 0 15 14 0 34 14 0 35 14 0 36 14 0 1 15 3 2 15 4 3 15 0 4 15 0 5 15 0 6 15 4 7 15 1 8 15 4 9 15 1 10 15 1 11 15 0 12 15 0 13 15 1 14 15 1 15 15 1 16 15 0 33 15 0 34 15 0 35 15 0 36 15 0 1 16 0 2 16 0 3 16 4 4 16 4 5 16 0 6 16 0 7 16 0 8 16 0 9 16 0 10 16 0 11 16 0 12 16 0 13 16 0 14 16 0 15 16 0 16 16 0 17 16 0 33 16 0 35 16 0 0 17 0 1 17 0 2 17 0 3 17 0 4 17 4 5 17 4 6 17 0 7 17 0 8 17 0 9 17 0 10 17 0 11 17 0 12 17 0 13 17 0 14 17 0 15 17 0 16 17 0 17 17 0 18 17 0 39 17 4 0 18 0 1 18 0 2 18 0 3 18 3 4 18 0 5 18 0 6 18 0 7 18 0 8 18 0 9 18 0 10 18 0 11 18 0 12 18 0 13 18 0 14 18 0 15 18 0 16 18 0 17 18 0 18 18 2 37 18 4 38 18 1 39 18 4 0 19 0 1 19 0 2 19 3 3 19 0 4 19 0 5 19 0 6 19 4 7 19 4 8 19 0 9 19 2 10 19 2 11 19 0 12 19 0 13 19 3 14 19 0 15 19 0 16 19 0 17 19 0 18 19 0 38 19 4 39 19 4 0 20 4 1 20 3 2 20 0 3 20 0 4 20 0 5 20 0 6 20 4 7 20 0 8 20 4 9 20 0 10 20 2 11 20 2 12 20 0 13 20 0 14 20 0 15 20 4 16 20 0 17 20 0 18 20 0 39 20 4 0 21 4 1 21 3 2 21 3 3 21 0 4 21 0 5 21 0 10 21 0 11 21 2 12 21 0 13 21 0 14 21 0 15 21 0 16 21 3 17 21 0 18 21 0 11 22 0 12 22 0 15 22 0 16 22 0 17 22 0 11 23 0 11 24 4 12 24 0 10 25 0 11 25 4 12 25 2 11 26 4 
 --- Bot used 54 milliseconds ---
-----------------------------------------------------------------------------
 --- Frame #101 ---
3 2 4 4 2 0 6 2 4 0 3 0 2 3 4 3 3 0 4 3 0 5 3 0 6 3 0 39 3 4 0 4 0 1 4 0 2 4 0 3 4 4 4 4 0 5 4 0 6 4 1 7 4 1 37 4 0 38 4 0 39 4 4 0 5 0 1 5 0 2 5 3 3 5 4 4 5 0 5 5 0 6 5 0 7 5 0 8 5 0 37 5 0 38 5 0 39 5 0 0 6 2 1 6 2 3 6 4 4 6 0 5 6 0 6 6 0 7 6 0 8 6 0 9 6 3 37 6 4 38 6 0 39 6 0 0 7 0 1 7 2 3 7 4 4 7 0 5 7 0 6 7 0 7 7 0 8 7 0 37 7 4 38 7 4 39 7 0 0 8 0 1 8 0 2 8 0 3 8 0 4 8 0 5 8 0 6 8 0 7 8 0 8 8 0 9 8 1 36 8 1 37 8 0 38 8 4 39 8 0 0 9 0 1 9 0 2 9 0 3 9 0 4 9 0 5 9 0 6 9 0 7 9 1 8 9 0 9 9 0 10 9 0 11 9 1 15 9 0 36 9 0 37 9 0 38 9 0 39 9 0 0 10 3 1 10 0 2 10 0 3 10 4 4 10 0 5 10 0 6 10 0 7 10 1 8 10 0 9 10 1 10 10 0 11 10 0 12 10 0 13 10 0 14 10 0 15 10 0 36 10 0 37 10 0 38 10 0 39 10 0 0 11 0 1 11 0 2 11 0 3 11 0 4 11 0 5 11 0 6 11 1 7 11 1 8 11 0 9 11 0 10 11 1 11 11 1 12 11 1 13 11 0 14 11 0 15 11 0 36 11 0 37 11 0 38 11 0 39 11 2 0 12 3 1 12 0 2 12 0 3 12 0 4 12 4 5 12 0 6 12 0 7 12 1 8 12 0 9 12 0 10 12 0 11 12 0 12 12 0 13 12 0 14 12 0 15 12 0 35 12 1 36 12 0 37 12 0 38 12 0 39 12 2 1 13 0 2 13 4 3 13 0 4 13 0 5 13 0 6 13 0 7 13 0 8 13 0 9 13 0 10 13 0 11 13 0 12 13 0 13 13 0 14 13 0 15 13 0 34 13 0 35 13 1 36 13 0 37 13 0 38 13 0 1 14 0 2 14 4 3 14 0 4 14 0 5 14 0 6 14 0 7 14 4 8 14 0 9 14 1 10 14 1 11 14 0 12 14 0 13 14 2 14 14 2 15 14 2 34 14 0 35 14 0 36 14 2 1 15 3 2 15 0 3 15 0 4 15 4 5 15 4 6 15 0 7 15 4 8 15 0 9 15 0 10 15 0 11 15 0 12 15 0 13 15 0 14 15 0 15 15 0 16 15 0 33 15 0 34 15 0 35 15 0 36 15 0 1 16 4 2 16 4 3 16 4 4 16 0 5 16 4 6 16 0 7 16 0 8 16 0 9 16 0 10 16 0 11 16 0 12 16 0 13 16 0 14 16 0 15 16 0 16 16 0 17 16 0 33 16 0 35 16 0 0 17 0 1 17 0 2 17 4 3 17 4 4 17 4 5 17 0 6 17 0 7 17 0 8 17 0 9 17 0 10 17 0 11 17 0 12 17 0 13 17 0 14 17 0 15 17 0 16 17 0 17 17 0 18 17 0 38 17 4 39 17 0 0 18 0 1 18 0 2 18 0 3 18 0 4 18 0 5 18 0 6 18 0 7 18 0 8 18 0 9 18 0 10 18 2 11 18 2 12 18 0 13 18 0 14 18 0 15 18 4 16 18 0 17 18 0 18 18 0 19 18 0 36 18 0 37 18 0 38 18 4 39 18 0 0 19 0 1 19 0 2 19 0 3 19 3 4 19 0 5 19 4 6 19 4 7 19 0 8 19 0 9 19 0 10 19 2 11 19 2 12 19 0 13 19 0 14 19 0 15 19 0 16 19 0 17 19 0 18 19 0 37 19 4 38 19 4 39 19 0 0 20 0 1 20 0 2 20 2 3 20 0 4 20 0 5 20 4 6 20 0 7 20 4 8 20 0 9 20 0 10 20 0 11 20 2 12 20 2 13 20 3 14 20 3 15 20 0 16 20 0 17 20 0 18 20 0 38 20 3 39 20 4 0 21 0 1 21 4 2 21 0 3 21 0 4 21 0 5 21 0 10 21 0 11 21 0 12 21 2 13 21 0 14 21 0 15 21 0 16 21 0 17 21 0 18 21 0 39 21 4 1 22 0 2 22 0 11 22 0 12 22 0 15 22 0 16 22 3 17 22 0 11 23 0 10 24 1 11 24 0 12 24 0 10 25 1 11 25 0 12 25 0 13 25 0 10 26 0 11 26 0 
 --- Bot used 49 milliseconds ---
-----------------------------------------------------------------------------
 --- Frame #102 ---
2 2 4 3 2 0 4 2 0 5 2 0 6 2 0 0 3 0 1 3 0 2 3 0 3 3 0 4 3 0 5 3 0 6 3 1 7 3 0 38 3 4 39 3 0 0 4 0 1 4 0 2 4 4 3 4 0 4 4 0 5 4 0 6 4 0 7 4 0 37 4 0 38 4 4 39 4 0 0 5 0 1 5 0 2 5 4 3 5 0 4 5 0 5 5 0 6 5 0 7 5 0 8 5 0 37 5 0 38 5 0 39 5 0 0 6 0 1 6 1 2 6 4 3 6 0 4 6 0 5 6 0 6 6 0 7 6 0 8 6 0 9 6 0 36 6 0 37 6 0 38 6 0 39 6 0 0 7 0 1 7 0 2 7 4 3 7 0 4 7 0 5 7 0 6 7 0 7 7 0 8 7 0 9 7 3 36 7 1 37 7 4 38 7 0 39 7 0 0 8 0 1 8 0 2 8 0 3 8 0 4 8 0 5 8 0 6 8 0 7 8 2 8 8 0 9 8 0 11 8 0 36 8 0 37 8 4 38 8 0 39 8 0 0 9 0 1 9 0 2 9 0 3 9 0 4 9 0 5 9 0 6 9 0 7 9 1 8 9 0 9 9 1 10 9 0 11 9 0 15 9 0 36 9 0 37 9 0 38 9 4 39 9 0 0 10 0 1 10 0 2 10 4 3 10 0 4 10 0 5 10 0 6 10 1 7 10 1 8 10 0 9 10 0 10 10 1 11 10 1 12 10 1 13 10 0 14 10 0 15 10 0 36 10 0 37 10 0 38 10 0 39 10 0 0 11 4 1 11 0 2 11 0 3 11 0 4 11 0 5 11 0 6 11 0 7 11 1 8 11 0 9 11 0 10 11 0 11 11 0 12 11 0 13 11 0 14 11 0 15 11 0 35 11 3 36 11 0 37 11 0 38 11 0 39 11 0 0 12 4 1 12 0 2 12 0 3 12 4 4 12 0 5 12 0 6 12 0 7 12 0 8 12 0 9 12 1 10 12 0 11 12 0 12 12 0 13 12 0 14 12 0 15 12 0 35 12 3 36 12 0 37 12 0 38 12 0 39 12 0 0 13 2 1 13 3 2 13 0 3 13 0 4 13 0 5 13 0 6 13 0 7 13 0 8 13 0 9 13 1 10 13 1 11 13 0 12 13 0 13 13 2 14 13 0 15 13 0 34 13 0 35 13 0 36 13 0 37 13 0 38 13 0 1 14 3 2 14 0 3 14 0 4 14 0 5 14 0 6 14 4 7 14 0 8 14 0 9 14 0 10 14 0 11 14 0 12 14 0 13 14 0 14 14 1 15 14 1 16 14 1 34 14 0 35 14 0 36 14 0 37 14 0 1 15 0 2 15 0 3 15 4 4 15 4 5 15 0 6 15 4 7 15 0 8 15 0 9 15 0 10 15 0 11 15 0 12 15 0 13 15 0 14 15 0 15 15 0 16 15 0 33 15 0 34 15 0 35 15 0 36 15 2 0 16 4 1 16 4 2 16 4 3 16 0 4 16 4 5 16 0 6 16 0 7 16 0 8 16 0 9 16 0 10 16 0 11 16 0 12 16 0 13 16 0 14 16 0 15 16 0 16 16 0 17 16 1 33 16 0 35 16 0 0 17 0 1 17 4 2 17 4 3 17 4 4 17 0 5 17 0 6 17 0 7 17 0 8 17 0 9 17 0 10 17 0 11 17 2 12 17 0 13 17 0 14 17 0 15 17 0 16 17 0 17 17 0 18 17 1 37 17 4 38 17 0 39 17 0 0 18 0 1 18 0 2 18 0 3 18 0 4 18 3 5 18 0 6 18 4 7 18 0 8 18 0 9 18 0 10 18 0 11 18 2 12 18 2 13 18 0 14 18 3 15 18 0 16 18 0 17 18 0 18 18 0 19 18 0 36 18 0 37 18 4 38 18 0 39 18 0 0 19 0 1 19 0 2 19 0 3 19 0 4 19 3 5 19 4 6 19 0 7 19 0 8 19 0 9 19 0 10 19 0 11 19 2 12 19 2 13 19 0 14 19 0 15 19 0 16 19 0 17 19 0 18 19 0 36 19 0 37 19 4 38 19 0 39 19 0 0 20 0 1 20 0 2 20 0 3 20 3 4 20 3 5 20 0 6 20 4 7 20 0 8 20 0 9 20 0 10 20 0 11 20 0 12 20 2 13 20 3 14 20 0 15 20 0 16 20 0 17 20 2 18 20 2 38 20 3 39 20 0 0 21 3 1 21 0 2 21 0 3 21 0 4 21 0 5 21 0 10 21 0 11 21 0 12 21 0 13 21 3 14 21 3 15 21 0 16 21 0 17 21 2 18 21 0 38 21 3 39 21 0 1 22 0 2 22 0 11 22 0 12 22 0 15 22 0 16 22 0 17 22 0 10 23 0 11 23 0 16 23 2 10 24 1 11 24 0 12 24 0 10 25 0 11 25 0 12 25 0 13 25 0 10 26 0 11 26 0 
 --- Bot used 54 milliseconds ---
-----------------------------------------------------------------------------
 --- Frame #103 ---
1 2 0 2 2 0 3 2 0 4 2 0 5 2 0 6 2 1 0 3 1 1 3 0 2 3 0 3 3 0 4 3 0 5 3 0 6 3 0 7 3 0 37 3 4 38 3 0 39 3 0 0 4 0 1 4 4 2 4 0 3 4 0 4 4 0 5 4 0 6 4 0 7 4 0 37 4 4 38 4 0 39 4 0 0 5 0 1 5 4 2 5 0 3 5 0 4 5 0 5 5 1 6 5 0 7 5 0 8 5 0 37 5 0 38 5 0 39 5 0 0 6 0 1 6 4 2 6 0 3 6 0 4 6 0 5 6 0 6 6 0 7 6 0 8 6 0 9 6 0 36 6 1 37 6 0 38 6 0 39 6 0 0 7 0 1 7 4 2 7 0 3 7 0 4 7 0 5 7 0 6 7 0 7 7 0 8 7 0 9 7 0 36 7 1 37 7 0 38 7 0 39 7 0 0 8 0 1 8 0 2 8 0 3 8 0 4 8 0 5 8 0 6 8 0 7 8 2 8 8 2 9 8 2 11 8 0 36 8 1 37 8 0 38 8 0 39 8 0 0 9 0 1 9 0 2 9 0 3 9 0 4 9 0 5 9 0 6 9 1 7 9 1 8 9 0 9 9 0 10 9 1 11 9 4 12 9 1 15 9 0 36 9 0 37 9 4 38 9 0 39 9 0 0 10 0 1 10 4 2 10 0 3 10 0 4 10 0 5 10 0 6 10 0 7 10 1 8 10 0 9 10 0 10 10 0 11 10 0 12 10 0 13 10 0 14 10 1 15 10 0 36 10 0 37 10 0 38 10 0 39 10 0 0 11 0 1 11 0 2 11 0 3 11 0 4 11 0 5 11 0 6 11 0 7 11 0 8 11 0 9 11 1 10 11 0 11 11 0 12 11 0 13 11 0 14 11 0 15 11 0 35 11 0 36 11 0 37 11 0 38 11 0 39 11 4 0 12 0 1 12 0 2 12 4 3 12 0 4 12 0 5 12 0 6 12 0 7 12 0 8 12 0 9 12 1 10 12 1 11 12 0 12 12 0 13 12 0 14 12 0 15 12 0 35 12 3 36 12 0 37 12 0 38 12 0 39 12 4 0 13 0 1 13 3 2 13 0 3 13 0 4 13 0 5 13 0 6 13 0 7 13 0 8 13 0 9 13 0 10 13 0 11 13 0 12 13 0 13 13 0 14 13 1 15 13 1 16 13 1 34 13 0 35 13 4 36 13 0 37 13 0 38 13 0 1 14 3 2 14 0 3 14 0 4 14 4 5 14 4 6 14 0 7 14 0 8 14 0 9 14 0 10 14 0 11 14 0 12 14 0 13 14 0 14 14 0 15 14 0 16 14 0 34 14 0 35 14 0 36 14 0 37 14 0 1 15 3 2 15 4 3 15 4 4 15 0 5 15 4 6 15 0 7 15 0 8 15 0 9 15 0 10 15 0 11 15 0 12 15 0 13 15 0 14 15 0 15 15 0 16 15 1 17 15 0 33 15 0 34 15 0 35 15 0 36 15 0 37 15 0 0 16 4 1 16 4 2 16 0 3 16 4 4 16 0 5 16 0 6 16 0 7 16 0 8 16 0 9 16 0 10 16 0 11 16 0 12 16 1 13 16 0 14 16 0 15 16 0 16 16 0 17 16 0 18 16 0 33 16 0 35 16 0 39 16 4 0 17 4 1 17 4 2 17 4 3 17 0 4 17 0 5 17 0 6 17 0 7 17 0 8 17 0 9 17 0 10 17 0 11 17 0 12 17 3 13 17 0 14 17 0 15 17 0 16 17 0 17 17 0 18 17 0 36 17 0 37 17 0 38 17 0 39 17 0 0 18 0 1 18 0 2 18 2 3 18 0 4 18 0 5 18 4 6 18 0 7 18 4 8 18 4 9 18 2 10 18 0 11 18 0 12 18 3 13 18 3 14 18 0 15 18 0 16 18 0 17 18 0 18 18 0 19 18 0 36 18 4 37 18 0 38 18 0 39 18 0 0 19 0 1 19 3 2 19 0 3 19 0 4 19 3 5 19 0 6 19 0 7 19 0 8 19 0 9 19 0 10 19 0 11 19 0 12 19 3 13 19 3 14 19 4 15 19 2 16 19 0 17 19 2 18 19 2 36 19 4 37 19 0 38 19 0 39 19 0 0 20 0 1 20 0 2 20 0 3 20 0 4 20 3 5 20 4 6 20 0 7 20 0 8 20 0 9 20 0 10 20 0 11 20 0 12 20 0 13 20 3 14 20 0 15 20 0 16 20 1 17 20 0 18 20 1 19 20 0 38 20 0 39 20 0 0 21 0 1 21 0 2 21 0 3 21 3 4 21 3 5 21 0 10 21 0 11 21 0 12 21 0 13 21 3 14 21 0 15 21 0 16 21 0 17 21 0 18 21 2 38 21 2 39 21 0 0 22 0 1 22 0 2 22 0 11 22 0 12 22 0 13 22 3 14 22 0 15 22 4 16 22 0 17 22 0 38 22 4 10 23 2 11 23 0 16 23 0 17 23 0 10 24 0 11 24 0 12 24 0 10 25 0 11 25 0 12 25 0 13 25 0 10 26 0 11 26 0 
 --- Bot used 102 milliseconds ---
-----------------------------------------------------------------------------
 --- Frame #104 ---
6 1 4 0 2 0 1 2 1 2 2 0 3 2 0 4 2 0 5 2 1 6 2 0 0 3 0 1 3 0 2 3 0 3 3 0 4 3 0 5 3 0 6 3 0 7 3 0 36 3 4 37 3 0 38 3 0 39 3 0 0 4 4 1 4 0 2 4 0 3 4 0 4 4 0 5 4 1 6 4 0 7 4 0 36 4 4 37 4 0 38 4 0 39 4 0 0 5 4 1 5 0 2 5 0 3 5 0 4 5 0 5 5 0 6 5 0 7 5 0 8 5 0 36 5 0 37 5 0 38 5 0 39 5 0 0 6 4 1 6 0 2 6 0 3 6 0 4 6 0 5 6 0 6 6 0 7 6 0 8 6 0 9 6 0 36 6 1 37 6 0 38 6 1 39 6 0 0 7 4 1 7 0 2 7 0 3 7 0 4 7 0 5 7 0 6 7 0 7 7 0 8 7 0 9 7 0 36 7 1 37 7 0 38 7 0 39 7 0 0 8 0 1 8 0 2 8 0 3 8 0 4 8 0 5 8 0 6 8 1 7 8 1 8 8 1 9 8 2 10 8 2 11 8 0 12 8 2 36 8 0 37 8 0 38 8 0 39 8 0 0 9 0 1 9 0 2 9 0 3 9 0 4 9 0 5 9 0 6 9 0 7 9 1 8 9 0 9 9 0 10 9 2 11 9 0 12 9 0 14 9 0 15 9 1 36 9 1 37 9 0 38 9 0 39 9 0 0 10 4 1 10 0 2 10 0 3 10 0 4 10 0 5 10 0 6 10 0 7 10 0 8 10 0 9 10 1 10 10 0 11 10 0 12 10 0 13 10 0 14 10 0 15 10 0 36 10 0 37 10 0 38 10 4 39 10 0 0 11 0 1 11 0 2 11 0 3 11 0 4 11 0 5 11 1 6 11 0 7 11 0 8 11 0 9 11 1 10 11 1 11 11 0 12 11 0 13 11 0 14 11 0 15 11 0 35 11 0 36 11 0 37 11 0 38 11 4 39 11 0 0 12 0 1 12 4 2 12 0 3 12 0 4 12 0 5 12 0 6 12 0 7 12 0 8 12 0 9 12 0 10 12 0 11 12 0 12 12 0 13 12 0 14 12 1 15 12 1 16 12 1 35 12 0 36 12 0 37 12 0 38 12 4 39 12 0 0 13 0 1 13 0 2 13 0 3 13 0 4 13 0 5 13 0 6 13 0 7 13 0 8 13 0 9 13 0 10 13 0 11 13 0 12 13 0 13 13 0 14 13 0 15 13 0 16 13 0 34 13 3 35 13 4 36 13 0 37 13 0 38 13 0 1 14 3 2 14 0 3 14 4 4 14 4 5 14 0 6 14 0 7 14 0 8 14 0 9 14 0 10 14 0 11 14 0 12 14 0 13 14 0 14 14 0 15 14 0 16 14 2 34 14 4 35 14 0 36 14 0 37 14 0 1 15 3 2 15 4 3 15 0 4 15 4 5 15 0 6 15 0 7 15 0 8 15 0 9 15 0 10 15 0 11 15 0 12 15 1 13 15 0 14 15 0 15 15 0 16 15 0 17 15 0 33 15 0 34 15 0 35 15 0 36 15 0 37 15 0 0 16 4 1 16 4 2 16 4 3 16 0 4 16 0 5 16 0 6 16 0 7 16 0 8 16 0 9 16 0 10 16 0 11 16 0 12 16 0 13 16 0 14 16 0 15 16 0 16 16 0 17 16 0 18 16 0 33 16 0 35 16 0 38 16 4 39 16 4 0 17 4 1 17 4 2 17 0 3 17 0 4 17 0 5 17 0 6 17 0 7 17 0 8 17 0 9 17 0 10 17 0 11 17 0 12 17 0 13 17 2 14 17 0 15 17 0 16 17 2 17 17 0 18 17 0 36 17 0 37 17 0 38 17 0 39 17 4 0 18 0 1 18 0 2 18 0 3 18 3 4 18 3 5 18 0 6 18 4 7 18 4 8 18 0 9 18 0 10 18 2 11 18 0 12 18 3 13 18 0 14 18 0 15 18 0 16 18 0 17 18 0 18 18 0 19 18 0 35 18 0 36 18 0 37 18 0 38 18 0 39 18 0 0 19 0 1 19 0 2 19 0 3 19 0 4 19 0 5 19 0 6 19 0 7 19 0 8 19 0 9 19 0 10 19 0 11 19 0 12 19 3 13 19 4 14 19 0 15 19 0 16 19 2 17 19 0 18 19 2 19 19 0 35 19 0 36 19 0 37 19 0 38 19 0 39 19 0 0 20 0 1 20 3 2 20 0 3 20 0 4 20 3 5 20 0 6 20 0 7 20 0 8 20 0 9 20 0 10 20 0 11 20 0 12 20 3 13 20 4 14 20 0 15 20 0 16 20 0 17 20 0 18 20 0 19 20 0 38 20 0 39 20 0 0 21 0 1 21 0 2 21 0 3 21 0 4 21 3 5 21 0 10 21 0 11 21 0 12 21 0 13 21 4 14 21 0 15 21 0 16 21 0 17 21 0 18 21 0 19 21 0 38 21 0 39 21 3 0 22 0 1 22 0 2 22 0 3 22 3 4 22 3 11 22 0 12 22 0 13 22 4 14 22 4 15 22 0 16 22 0 17 22 0 37 22 4 38 22 0 10 23 0 11 23 0 13 23 0 16 23 0 17 23 0 10 24 0 11 24 0 12 24 0 10 25 0 11 25 0 12 25 0 13 25 0 10 26 0 11 26 0 
 --- Bot used 162 milliseconds ---
-----------------------------------------------------------------------------
 --- Frame #105 ---
1 1 0 5 1 4 6 1 0 0 2 0 1 2 0 2 2 0 3 2 0 4 2 0 5 2 0 6 2 0 0 3 0 1 3 0 2 3 0 3 3 0 4 3 0 5 3 4 6 3 0 7 3 1 35 3 0 36 3 0 37 3 0 38 3 0 39 3 0 0 4 0 1 4 0 2 4 0 3 4 0 4 4 0 5 4 0 6 4 0 7 4 0 35 4 1 36 4 0 37 4 0 38 4 0 39 4 1 0 5 0 1 5 0 2 5 0 3 5 0 4 5 0 5 5 0 6 5 0 7 5 0 8 5 0 36 5 1 37 5 0 38 5 1 39 5 1 0 6 0 1 6 0 2 6 0 3 6 0 4 6 0 5 6 1 6 6 0 7 6 0 8 6 0 9 6 0 36 6 1 37 6 0 38 6 0 39 6 1 0 7 0 1 7 0 2 7 0 3 7 0 4 7 0 5 7 1 6 7 1 7 7 1 8 7 1 9 7 0 36 7 0 37 7 0 38 7 0 39 7 1 0 8 0 1 8 0 2 8 0 3 8 0 4 8 0 5 8 0 6 8 0 7 8 1 8 8 0 9 8 0 10 8 2 11 8 2 12 8 0 13 8 1 15 8 0 36 8 1 37 8 0 38 8 0 39 8 0 0 9 0 1 9 0 2 9 1 3 9 0 4 9 0 5 9 0 6 9 0 7 9 0 8 9 0 9 9 2 10 9 0 11 9 2 12 9 0 14 9 0 15 9 0 36 9 0 37 9 0 38 9 0 39 9 0 0 10 0 1 10 0 2 10 0 3 10 0 4 10 0 5 10 1 6 10 0 7 10 0 8 10 0 9 10 1 10 10 1 11 10 0 12 10 0 13 10 0 14 10 0 15 10 0 36 10 0 37 10 4 38 10 0 39 10 1 0 11 0 1 11 0 2 11 0 3 11 1 4 11 0 5 11 0 6 11 0 7 11 0 8 11 0 9 11 0 10 11 0 11 11 0 12 11 0 13 11 0 14 11 4 15 11 1 16 11 1 35 11 0 36 11 0 37 11 4 38 11 0 39 11 0 0 12 4 1 12 0 2 12 0 3 12 0 4 12 0 5 12 0 6 12 0 7 12 0 8 12 0 9 12 0 10 12 0 11 12 0 12 12 0 13 12 1 14 12 0 15 12 0 16 12 0 35 12 0 36 12 0 37 12 4 38 12 0 39 12 0 0 13 0 1 13 0 2 13 0 3 13 0 4 13 4 5 13 0 6 13 0 7 13 0 8 13 0 9 13 0 10 13 0 11 13 0 12 13 0 13 13 0 14 13 0 15 13 0 16 13 0 34 13 3 35 13 0 36 13 0 37 13 0 38 13 0 1 14 0 2 14 4 3 14 4 4 14 0 5 14 0 6 14 0 7 14 0 8 14 0 9 14 0 10 14 0 11 14 0 12 14 1 13 14 0 14 14 0 15 14 0 16 14 0 17 14 0 33 14 0 34 14 4 35 14 0 36 14 0 37 14 0 1 15 3 2 15 0 3 15 4 4 15 0 5 15 0 6 15 0 7 15 0 8 15 0 9 15 0 10 15 0 11 15 0 12 15 0 13 15 0 14 15 0 15 15 0 16 15 0 17 15 0 33 15 0 34 15 0 35 15 0 36 15 0 37 15 0 0 16 4 1 16 4 2 16 0 3 16 0 4 16 0 5 16 0 6 16 0 7 16 0 8 16 0 9 16 0 10 16 0 11 16 0 12 16 0 13 16 1 14 16 0 15 16 0 16 16 1 17 16 0 18 16 0 33 16 0 35 16 0 37 16 4 38 16 4 39 16 4 0 17 4 1 17 0 2 17 0 3 17 0 4 17 0 5 17 0 6 17 4 7 17 4 8 17 0 9 17 0 10 17 0 11 17 0 12 17 0 13 17 0 14 17 2 15 17 0 16 17 0 17 17 2 18 17 0 36 17 0 37 17 0 38 17 4 39 17 4 0 18 0 1 18 0 2 18 0 3 18 0 4 18 0 5 18 4 6 18 4 7 18 0 8 18 0 9 18 0 10 18 0 11 18 2 12 18 0 13 18 0 14 18 0 15 18 0 16 18 0 17 18 1 18 18 0 19 18 0 35 18 0 36 18 0 37 18 0 38 18 0 39 18 0 0 19 0 1 19 0 2 19 0 3 19 4 4 19 3 5 19 0 6 19 0 7 19 0 8 19 0 9 19 0 10 19 0 11 19 0 12 19 3 13 19 0 14 19 0 15 19 0 16 19 0 17 19 2 18 19 0 19 19 2 35 19 0 36 19 0 37 19 0 38 19 0 39 19 0 0 20 0 1 20 0 2 20 0 3 20 0 4 20 0 5 20 0 6 20 0 7 20 0 8 20 0 9 20 0 10 20 0 11 20 0 12 20 3 13 20 0 14 20 0 15 20 0 16 20 0 17 20 0 18 20 0 19 20 0 38 20 0 39 20 0 0 21 0 1 21 3 2 21 0 3 21 0 4 21 3 5 21 0 10 21 0 11 21 0 12 21 3 13 21 0 14 21 0 15 21 0 16 21 0 17 21 0 18 21 0 19 21 0 38 21 0 39 21 0 0 22 0 1 22 0 2 22 0 3 22 0 4 22 3 11 22 0 12 22 3 13 22 4 14 22 0 15 22 0 16 22 0 17 22 0 36 22 0 37 22 0 38 22 0 39 22 3 3 23 4 4 23 0 10 23 0 11 23 0 13 23 0 16 23 0 17 23 0 10 24 0 11 24 0 12 24 0 10 25 0 11 25 0 12 25 0 13 25 0 10 26 0 11 26 0 
 --- Bot used 311 milliseconds ---
-----------------------------------------------------------------------------
 --- Frame #106 ---
1 1 0 4 1 4 5 1 0 6 1 0 0 2 0 1 2 0 2 2 0 3 2 0 4 2 0 5 2 0 6 2 0 7 2 0 0 3 0 1 3 0 2 3 0 3 3 0 4 3 4 5 3 0 6 3 0 7 3 0 35 3 1 36 3 0 37 3 0 38 3 0 39 3 1 0 4 0 1 4 0 2 4 0 3 4 0 4 4 0 5 4 0 6 4 0 7 4 0 35 4 0 36 4 1 37 4 0 38 4 1 39 4 1 0 5 0 1 5 0 2 5 0 3 5 0 4 5 0 5 5 1 6 5 0 7 5 0 8 5 0 36 5 1 37 5 0 38 5 0 39 5 1 0 6 0 1 6 0 2 6 0 3 6 0 4 6 0 5 6 1 6 6 1 7 6 1 8 6 1 9 6 0 36 6 0 37 6 0 38 6 0 39 6 1 0 7 0 1 7 0 2 7 0 3 7 0 4 7 0 5 7 0 6 7 0 7 7 1 8 7 0 9 7 0 13 7 1 36 7 1 37 7 0 38 7 0 39 7 0 0 8 0 1 8 0 2 8 1 3 8 0 4 8 0 5 8 0 6 8 0 7 8 0 8 8 0 9 8 0 10 8 0 11 8 2 12 8 2 13 8 0 15 8 0 36 8 0 37 8 0 38 8 0 39 8 0 0 9 0 1 9 4 2 9 0 3 9 1 4 9 0 5 9 1 6 9 0 7 9 0 8 9 0 9 9 2 10 9 2 11 9 0 12 9 2 14 9 0 15 9 0 36 9 0 37 9 0 38 9 0 39 9 1 0 10 0 1 10 0 2 10 0 3 10 1 4 10 0 5 10 0 6 10 0 7 10 0 8 10 0 9 10 0 10 10 0 11 10 0 12 10 0 13 10 0 14 10 0 15 10 1 16 10 0 36 10 1 37 10 0 38 10 0 39 10 0 0 11 0 1 11 0 2 11 1 3 11 0 4 11 0 5 11 0 6 11 0 7 11 0 8 11 0 9 11 0 10 11 0 11 11 0 12 11 0 13 11 1 14 11 0 15 11 0 16 11 0 35 11 0 36 11 4 37 11 0 38 11 0 39 11 0 0 12 0 1 12 0 2 12 0 3 12 0 4 12 0 5 12 0 6 12 0 7 12 0 8 12 0 9 12 0 10 12 0 11 12 0 12 12 0 13 12 0 14 12 0 15 12 0 16 12 0 35 12 0 36 12 4 37 12 0 38 12 0 39 12 4 0 13 0 1 13 0 2 13 0 3 13 3 4 13 0 5 13 4 6 13 0 7 13 0 8 13 0 9 13 0 10 13 0 11 13 0 12 13 1 13 13 0 14 13 0 15 13 0 16 13 0 34 13 0 35 13 0 36 13 0 37 13 0 38 13 0 1 14 3 2 14 4 3 14 0 4 14 0 5 14 0 6 14 0 7 14 0 8 14 0 9 14 0 10 14 0 11 14 0 12 14 0 13 14 0 14 14 0 15 14 0 16 14 0 17 14 0 33 14 4 34 14 4 35 14 4 36 14 0 37 14 0 1 15 0 2 15 4 3 15 0 4 15 0 5 15 0 6 15 0 7 15 0 8 15 0 9 15 0 10 15 0 11 15 0 12 15 0 13 15 2 14 15 0 15 15 0 16 15 2 17 15 0 33 15 0 34 15 0 35 15 0 36 15 0 37 15 0 0 16 4 1 16 4 2 16 0 3 16 0 4 16 0 5 16 0 6 16 4 7 16 0 8 16 0 9 16 0 10 16 0 11 16 1 12 16 0 13 16 0 14 16 1 15 16 1 16 16 0 17 16 0 18 16 0 33 16 0 35 16 0 36 16 4 37 16 4 38 16 4 39 16 4 0 17 0 1 17 0 2 17 0 3 17 0 4 17 0 5 17 4 6 17 4 7 17 0 8 17 0 9 17 0 10 17 2 11 17 0 12 17 0 13 17 0 14 17 0 15 17 2 16 17 0 17 17 2 18 17 2 36 17 0 37 17 4 38 17 4 39 17 4 0 18 0 1 18 0 2 18 0 3 18 0 4 18 3 5 18 4 6 18 0 7 18 0 8 18 0 9 18 0 10 18 0 11 18 0 12 18 2 13 18 0 14 18 0 15 18 0 16 18 1 17 18 0 18 18 0 19 18 0 35 18 0 36 18 0 37 18 0 38 18 0 39 18 0 0 19 0 1 19 0 2 19 4 3 19 0 4 19 0 5 19 0 6 19 0 7 19 0 8 19 0 9 19 0 10 19 0 11 19 0 12 19 0 13 19 0 14 19 0 15 19 0 16 19 0 17 19 0 18 19 1 19 19 0 20 19 1 35 19 0 36 19 0 37 19 0 38 19 0 39 19 0 0 20 0 1 20 0 2 20 0 3 20 0 4 20 3 5 20 0 6 20 0 7 20 0 8 20 0 9 20 0 10 20 0 11 20 0 12 20 2 13 20 0 14 20 0 15 20 0 16 20 0 17 20 0 18 20 0 19 20 0 38 20 0 39 20 0 0 21 0 1 21 0 2 21 0 3 21 0 4 21 0 5 21 0 10 21 0 11 21 0 12 21 2 13 21 0 14 21 0 15 21 0 16 21 0 17 21 0 18 21 0 19 21 0 38 21 0 39 21 0 0 22 0 1 22 3 2 22 0 3 22 0 4 22 3 11 22 0 12 22 2 13 22 0 14 22 0 15 22 0 16 22 0 17 22 0 36 22 0 37 22 0 38 22 0 39 22 0 2 23 0 3 23 0 4 23 3 10 23 0 11 23 2 12 23 2 13 23 0 16 23 0 17 23 0 39 23 0 10 24 0 11 24 0 12 24 0 10 25 0 11 25 0 12 25 0 13 25 0 10 26 2 11 26 0 
 --- Bot used 315 milliseconds ---
-----------------------------------------------------------------------------
 --- Frame #107 ---
1 1 0 3 1 1 4 1 0 5 1 0 6 1 0 0 2 0 1 2 0 2 2 0 3 2 0 4 2 0 5 2 0 6 2 0 7 2 0 35 2 1 39 2 4 0 3 0 1 3 0 2 3 0 3 3 1 4 3 0 5 3 0 6 3 0 7 3 0 35 3 0 36 3 1 37 3 0 38 3 1 39 3 4 0 4 0 1 4 0 2 4 0 3 4 0 4 4 0 5 4 2 6 4 0 7 4 0 35 4 0 36 4 1 37 4 0 38 4 0 39 4 4 0 5 0 1 5 0 2 5 0 3 5 0 4 5 0 5 5 1 6 5 1 7 5 1 8 5 1 36 5 0 37 5 0 38 5 0 39 5 4 0 6 0 1 6 0 2 6 0 3 6 0 4 6 0 5 6 0 6 6 0 7 6 1 8 6 0 9 6 0 13 6 1 36 6 1 37 6 0 38 6 0 39 6 0 0 7 0 1 7 0 2 7 4 3 7 0 4 7 0 5 7 0 6 7 0 7 7 0 8 7 0 9 7 0 13 7 0 36 7 0 37 7 0 38 7 0 39 7 0 0 8 0 1 8 0 2 8 0 3 8 1 4 8 0 5 8 1 6 8 0 7 8 0 8 8 0 9 8 0 10 8 0 11 8 0 12 8 2 13 8 2 15 8 0 36 8 0 37 8 0 38 8 0 39 8 4 0 9 1 1 9 0 2 9 0 3 9 1 4 9 0 5 9 0 6 9 0 7 9 0 8 9 0 9 9 0 10 9 1 11 9 1 12 9 0 13 9 1 14 9 0 15 9 2 36 9 1 37 9 0 38 9 0 39 9 0 0 10 0 1 10 0 2 10 4 3 10 0 4 10 0 5 10 0 6 10 0 7 10 0 8 10 0 9 10 0 10 10 0 11 10 0 12 10 0 13 10 1 14 10 0 15 10 0 16 10 1 36 10 0 37 10 0 38 10 0 39 10 0 0 11 0 1 11 0 2 11 0 3 11 0 4 11 0 5 11 0 6 11 0 7 11 0 8 11 0 9 11 0 10 11 0 11 11 0 12 11 0 13 11 0 14 11 0 15 11 0 16 11 0 35 11 3 36 11 0 37 11 0 38 11 0 39 11 0 0 12 0 1 12 0 2 12 0 3 12 0 4 12 0 5 12 0 6 12 0 7 12 0 8 12 0 9 12 0 10 12 0 11 12 0 12 12 2 13 12 0 14 12 0 15 12 0 16 12 0 35 12 3 36 12 0 37 12 0 38 12 4 39 12 0 0 13 0 1 13 0 2 13 0 3 13 0 4 13 4 5 13 0 6 13 1 7 13 0 8 13 0 9 13 0 10 13 0 11 13 0 12 13 0 13 13 0 14 13 0 15 13 0 16 13 0 34 13 0 35 13 0 36 13 0 37 13 0 38 13 0 1 14 3 2 14 0 3 14 3 4 14 0 5 14 0 6 14 0 7 14 0 8 14 1 9 14 0 10 14 0 11 14 0 12 14 0 13 14 0 14 14 0 15 14 0 16 14 0 17 14 0 32 14 3 33 14 4 34 14 3 35 14 0 36 14 0 37 14 0 1 15 3 2 15 0 3 15 0 4 15 0 5 15 0 6 15 0 7 15 0 8 15 0 9 15 0 10 15 0 11 15 2 12 15 0 13 15 0 14 15 2 15 15 2 16 15 0 17 15 2 33 15 0 34 15 0 35 15 0 36 15 0 37 15 0 0 16 4 1 16 0 2 16 0 3 16 0 4 16 0 5 16 4 6 16 0 7 16 4 8 16 0 9 16 0 10 16 0 11 16 0 12 16 0 13 16 0 14 16 0 15 16 0 16 16 0 17 16 0 18 16 1 33 16 0 35 16 4 36 16 4 37 16 4 38 16 4 39 16 4 0 17 0 1 17 0 2 17 0 3 17 0 4 17 4 5 17 4 6 17 0 7 17 0 8 17 0 9 17 1 10 17 0 11 17 1 12 17 0 13 17 0 14 17 0 15 17 0 16 17 1 17 17 0 18 17 1 19 17 1 36 17 4 37 17 4 38 17 4 39 17 0 0 18 0 1 18 0 2 18 0 3 18 0 4 18 4 5 18 0 6 18 0 7 18 0 8 18 0 9 18 0 10 18 0 11 18 0 12 18 0 13 18 3 14 18 0 15 18 0 16 18 0 17 18 0 18 18 1 19 18 1 20 18 0 35 18 0 36 18 0 37 18 0 38 18 0 39 18 0 0 19 3 1 19 4 2 19 0 3 19 0 4 19 4 5 19 0 6 19 0 7 19 4 8 19 4 9 19 0 10 19 0 11 19 0 12 19 0 13 19 0 14 19 0 15 19 0 16 19 0 17 19 0 18 19 0 19 19 0 20 19 0 35 19 0 36 19 0 37 19 0 38 19 0 39 19 0 0 20 0 1 20 0 2 20 0 3 20 0 4 20 0 5 20 0 6 20 0 7 20 0 8 20 0 9 20 0 10 20 0 11 20 0 12 20 0 13 20 3 14 20 0 15 20 0 16 20 0 17 20 0 18 20 0 19 20 0 38 20 0 39 20 0 0 21 0 1 21 0 2 21 0 3 21 0 4 21 4 5 21 4 10 21 2 11 21 0 12 21 0 13 21 3 14 21 0 15 21 0 16 21 0 17 21 0 18 21 0 19 21 0 38 21 0 39 21 0 0 22 0 1 22 0 2 22 0 3 22 0 4 22 0 11 22 0 12 22 0 13 22 3 14 22 0 15 22 0 16 22 0 17 22 0 36 22 0 37 22 0 38 22 0 39 22 0 1 23 0 2 23 0 3 23 0 4 23 4 10 23 0 11 23 0 12 23 2 13 23 3 16 23 0 17 23 0 39 23 0 4 24 4 10 24 0 11 24 0 12 24 0 10 25 0 11 25 0 12 25 0 13 25 0 10 26 0 11 26 0 
 --- Bot used 586 milliseconds ---
-----------------------------------------------------------------------------
 --- Frame #108 ---

ERRORED!
No response received.